This is pdfTeX, Version 3.14159-14h-released-20010417 (Web2C 7.3.3.1) (format=pdfjadetex 2004.1.9)  14 AUG 2004 23:16
**Secure-Programs-HOWTO.tex
(/home/dwheeler/dwheeler.com/secure-class/Secure-Programs-HOWTO.tex{/usr/share/
texmf/pdftex/config/pdftex.cfg}
JadeTeX 2002/01/25: 3.12
LaTeX Font Info:    Try loading font information for T1+ptm on input line 1.
(/usr/share/texmf/tex/latex/psnfss/t1ptm.fd
File: t1ptm.fd 2001/06/04 font definitions for T1/ptm.
)
Elements will be labelled
Jade begin document sequence at 21
No file Secure-Programs-HOWTO.aux.
\openout1 = `Secure-Programs-HOWTO.aux'.

LaTeX Font Info:    Checking defaults for OML/cmm/m/it on input line 21.
LaTeX Font Info:    ... okay on input line 21.
LaTeX Font Info:    Checking defaults for T1/cmr/m/n on input line 21.
LaTeX Font Info:    ... okay on input line 21.
LaTeX Font Info:    Checking defaults for OT1/cmr/m/n on input line 21.
LaTeX Font Info:    ... okay on input line 21.
LaTeX Font Info:    Checking defaults for OMS/cmsy/m/n on input line 21.
LaTeX Font Info:    ... okay on input line 21.
LaTeX Font Info:    Checking defaults for OMX/cmex/m/n on input line 21.
LaTeX Font Info:    ... okay on input line 21.
LaTeX Font Info:    Checking defaults for U/cmr/m/n on input line 21.
LaTeX Font Info:    ... okay on input line 21.
LaTeX Font Info:    Checking defaults for PD1/pdf/m/n on input line 21.
LaTeX Font Info:    ... okay on input line 21.
LaTeX Font Info:    Checking defaults for T2A/cmr/m/n on input line 21.
LaTeX Font Info:    Try loading font information for T2A+cmr on input line 21.
(/usr/share/texmf/tex/latex/cyrillic/t2acmr.fd
File: t2acmr.fd 2001/08/11 v1.0a Computer Modern Cyrillic font definitions
)
LaTeX Font Info:    ... okay on input line 21.
LaTeX Font Info:    Checking defaults for TS1/cmr/m/n on input line 21.
LaTeX Font Info:    Try loading font information for TS1+cmr on input line 21.

(/usr/share/texmf/tex/latex/base/ts1cmr.fd
File: ts1cmr.fd 1999/05/25 v2.5h Standard LaTeX font definitions
)
LaTeX Font Info:    ... okay on input line 21.
LaTeX Font Info:    Checking defaults for LECO/omseco/m/n on input line 21.
LaTeX Font Info:    ... okay on input line 21.
LaTeX Font Info:    Checking defaults for LECX/omsecx/m/n on input line 21.
LaTeX Font Info:    ... okay on input line 21.
LaTeX Font Info:    Checking defaults for LECY/omsecy/m/n on input line 21.
LaTeX Font Info:    ... okay on input line 21.
LaTeX Font Info:    Checking defaults for LEGR/omsegr/m/n on input line 21.
LaTeX Font Info:    ... okay on input line 21.
LaTeX Font Info:    Checking defaults for LEHA/omseha/m/n on input line 21.
LaTeX Font Info:    ... okay on input line 21.
LaTeX Font Info:    Checking defaults for LEIP/omseip/m/n on input line 21.
LaTeX Font Info:    ... okay on input line 21.
LaTeX Font Info:    Checking defaults for LELA/omsela/m/n on input line 21.
LaTeX Font Info:    ... okay on input line 21.
LaTeX Font Info:    Checking defaults for LETI/omseti/m/n on input line 21.
LaTeX Font Info:    ... okay on input line 21.

(/usr/share/texmf/tex/context/base/supp-pdf.tex
(/usr/share/texmf/tex/context/base/supp-mis.tex
loading : Context Support Macros / Missing
\protectiondepth=\count116
\scratchcounter=\count117
\scratchtoks=\toks22
\scratchdimen=\dimen131
\scratchskip=\skip54
\scratchmuskip=\muskip10
\scratchbox=\box62
\scratchread=\read1
\scratchwrite=\write4
\zeropoint=\dimen132
\nextbox=\box63
\nextdepth=\dimen133
\everyline=\toks23
\!!counta=\count118
\!!countb=\count119
\recursecounter=\count120
)
loading : Context Support Macros / PDF
\nofMPsegments=\count121
\nofMParguments=\count122
\everyMPtoPDFconversion=\toks24
)
Package hyperref Info: Link coloring ON on input line 21.
 (/usr/share/texmf/tex/latex/hyperref/nameref.sty
Package: nameref 2001/01/27 v2.19 Cross-referencing by name of section
\c@section@level=\count123
)
LaTeX Info: Redefining \ref on input line 21.
LaTeX Info: Redefining \pageref on input line 21.
\openout3 = `Secure-Programs-HOWTO.out'.

LaTeX Font Info:    Try loading font information for T1+ppl on input line 33.

(/usr/share/texmf/tex/latex/psnfss/t1ppl.fd
File: t1ppl.fd 2001/06/04 font definitions for T1/ppl.
)
LaTeX Font Info:    Try loading font information for T1+phv on input line 101.

(/usr/share/texmf/tex/latex/psnfss/t1phv.fd
File: t1phv.fd 2001/06/04 scalable font definitions for T1/phv.
)
LaTeX Font Info:    Font shape `T1/phv/bx/n' in size <16.105> not available
(Font)              Font shape `T1/phv/b/n' tried instead on input line 101.
LaTeX Font Info:    Font shape `T1/phv/bx/n' in size <13.31> not available
(Font)              Font shape `T1/phv/b/n' tried instead on input line 124.
 [1.0.9{/usr/share/texmf/dvips/config/pdftex.map}]
LaTeX Font Info:    Font shape `T1/phv/bx/n' in size <10> not available
(Font)              Font shape `T1/phv/b/n' tried instead on input line 136.
LaTeX Font Info:    Try loading font information for TS1+ppl on input line 161.

 (/usr/share/texmf/tex/latex/psnfss/ts1ppl.fd
File: ts1ppl.fd 2001/06/04 font definitions for TS1/ppl.
) [2.0.9]
LaTeX Font Info:    Font shape `T1/phv/bx/n' in size <14.641> not available
(Font)              Font shape `T1/phv/b/n' tried instead on input line 352.
LaTeX Font Info:    Font shape `T1/ppl/bx/n' in size <10> not available
(Font)              Font shape `T1/ppl/b/n' tried instead on input line 370.
LaTeX Font Info:    Font shape `T1/ptm/bx/n' in size <10> not available
(Font)              Font shape `T1/ptm/b/n' tried instead on input line 388.


LaTeX Warning: Reference `INTRODUCTION' on page iii undefined on input line 388
.


LaTeX Warning: Reference `BACKGROUND' on page iii undefined on input line 422.


LaTeX Warning: Reference `HISTORY' on page iii undefined on input line 446.


LaTeX Warning: Reference `UNIX-HISTORY' on page iii undefined on input line 470
.


LaTeX Warning: Reference `FSF-HISTORY' on page iii undefined on input line 493.



LaTeX Warning: Reference `LINUX-HISTORY' on page iii undefined on input line 51
6.


LaTeX Warning: Reference `OSS-HISTORY' on page iii undefined on input line 539.



LaTeX Warning: Reference `LINUX-VS-UNIX' on page iii undefined on input line 56
2.


LaTeX Warning: Reference `SECURITY-PRINCIPLES' on page iii undefined on input l
ine 585.


LaTeX Warning: Reference `WHY-WRITE-INSECURE' on page iii undefined on input li
ne 608.


LaTeX Warning: Reference `OPEN-SOURCE-SECURITY' on page iii undefined on input 
line 631.


LaTeX Warning: Reference `OPEN-SOURCE-SECURITY-EXPERTS' on page iii undefined o
n input line 655.


LaTeX Warning: Reference `OPEN-SOURCE-SECURITY-NOHALT' on page iii undefined on
 input line 678.


LaTeX Warning: Reference `OPEN-SOURCE-SECURITY-SECRETS' on page iii undefined o
n input line 701.


LaTeX Warning: Reference `OPEN-SOURCE-SECURITY-TROJANS' on page iii undefined o
n input line 724.


LaTeX Warning: Reference `OPEN-SOURCE-SECURITY-OTHER' on page iii undefined on 
input line 747.


LaTeX Warning: Reference `OPEN-SOURCE-SECURITY-BOTTOM-LINE' on page iii undefin
ed on input line 770.


LaTeX Warning: Reference `TYPES-OF-PROGRAMS' on page iii undefined on input lin
e 793.


LaTeX Warning: Reference `PARANOIA' on page iii undefined on input line 816.


LaTeX Warning: Reference `WHY-WRITE' on page iii undefined on input line 839.


LaTeX Warning: Reference `SOURCES-OF-GUIDELINES' on page iii undefined on input
 line 862.


LaTeX Warning: Reference `OTHER-SOURCES' on page iii undefined on input line 88
5.


LaTeX Warning: Reference `CONVENTIONS' on page iii undefined on input line 908.



LaTeX Warning: Reference `FEATURES' on page iii undefined on input line 942.


LaTeX Warning: Reference `PROCESSES' on page iii undefined on input line 966.


LaTeX Warning: Reference `PROCESS-ATTRIBUTES' on page iii undefined on input li
ne 990.


LaTeX Warning: Reference `POSIX-CAPABILITIES' on page iii undefined on input li
ne 1013.


LaTeX Warning: Reference `PROCESS-CREATION' on page iii undefined on input line
 1036.


LaTeX Warning: Reference `FILES' on page iii undefined on input line 1059.


LaTeX Warning: Reference `FSO-ATTRIBUTES' on page iii undefined on input line 1
083.


LaTeX Warning: Reference `POSIX-ACLS' on page iii undefined on input line 1106.



LaTeX Warning: Reference `FSO-INITIAL-VALUES' on page iii undefined on input li
ne 1129.


LaTeX Warning: Reference `CHANGING-ACLS' on page iii undefined on input line 11
52.


LaTeX Warning: Reference `USING-ACLS' on page iii undefined on input line 1175.



LaTeX Warning: Reference `FILESYSTEM-HIERARCHY' on page iii undefined on input 
line 1198.


LaTeX Warning: Reference `SYSV-IPC' on page iii undefined on input line 1221.


LaTeX Warning: Reference `SOCKETS' on page iii undefined on input line 1244.


LaTeX Warning: Reference `SIGNALS' on page iii undefined on input line 1267.


LaTeX Warning: Reference `QUOTAS' on page iii undefined on input line 1290.


LaTeX Warning: Reference `DLLS' on page iii undefined on input line 1313.


LaTeX Warning: Reference `AUDIT' on page iii undefined on input line 1336.


LaTeX Warning: Reference `PAM' on page iii undefined on input line 1359.


LaTeX Warning: Reference `UNIX-EXTENSIONS' on page iii undefined on input line 
1382.


LaTeX Warning: Reference `REQUIREMENTS' on page iii undefined on input line 141
6.


LaTeX Warning: Reference `CC-INTRO' on page iii undefined on input line 1440.


LaTeX Warning: Reference `CC-ENVIRONMENT' on page iii undefined on input line 1
463.


LaTeX Warning: Reference `CC-FUNCTIONAL-REQUIREMENTS' on page iii undefined on 
input line 1486.


LaTeX Warning: Reference `CC-ASSURANCE-REQUIREMENTS' on page iii undefined on i
nput line 1509.


LaTeX Warning: Reference `INPUT' on page iii undefined on input line 1543.


LaTeX Warning: Reference `COMMAND-LINE' on page iii undefined on input line 156
7.


LaTeX Warning: Reference `ENVIRONMENT-VARIABLES' on page iii undefined on input
 line 1590.


LaTeX Warning: Reference `ENV-VARS-DANGEROUS' on page iii undefined on input li
ne 1614.


LaTeX Warning: Reference `ENV-STORAGE-DANGEROUS' on page iii undefined on input
 line 1637.


LaTeX Warning: Reference `ENV-VAR-SOLUTION' on page iii undefined on input line
 1660.


LaTeX Warning: Reference `ENV-VAR-DONTSET' on page iii undefined on input line 
1683.


LaTeX Warning: Reference `FILE-DESCRIPTORS' on page iii undefined on input line
 1706.


LaTeX Warning: Reference `FILE-NAMES' on page iii undefined on input line 1729.


[3.0.9

]

LaTeX Warning: Reference `FILE-CONTENTS' on page iv undefined on input line 175
2.


LaTeX Warning: Reference `WEB-APPS' on page iv undefined on input line 1775.


LaTeX Warning: Reference `OTHER-INPUTS' on page iv undefined on input line 1798
.


LaTeX Warning: Reference `LOCALE' on page iv undefined on input line 1821.


LaTeX Warning: Reference `HOW-LOCALES-SELECTED' on page iv undefined on input l
ine 1845.


LaTeX Warning: Reference `LOCALE-SUPPORT-MECHANISMS' on page iv undefined on in
put line 1868.


LaTeX Warning: Reference `LOCALE-LEGAL-VALUES' on page iv undefined on input li
ne 1891.


LaTeX Warning: Reference `LOCALE-BOTTOM-LINE' on page iv undefined on input lin
e 1914.


LaTeX Warning: Reference `CHARACTER-ENCODING' on page iv undefined on input lin
e 1937.


LaTeX Warning: Reference `CHARACTER-ENCODING-INTRO' on page iv undefined on inp
ut line 1961.


LaTeX Warning: Reference `CHARACTER-ENCODING-UTF8' on page iv undefined on inpu
t line 1984.


LaTeX Warning: Reference `UTF8-SECURITY-ISSUES' on page iv undefined on input l
ine 2007.


LaTeX Warning: Reference `UTF8-LEGAL-VALUES' on page iv undefined on input line
 2030.


LaTeX Warning: Reference `UTF8-RELATED-ISSUES' on page iv undefined on input li
ne 2053.


LaTeX Warning: Reference `INPUT-PROTECTION-CROSS-SITE' on page iv undefined on 
input line 2076.


LaTeX Warning: Reference `FILTER-HTML' on page iv undefined on input line 2099.



LaTeX Warning: Reference `REMOVE-HTML-TAGS' on page iv undefined on input line 
2123.


LaTeX Warning: Reference `ENCODING-HTML-TAGS' on page iv undefined on input lin
e 2146.


LaTeX Warning: Reference `VALIDATING-HTML-TAGS' on page iv undefined on input l
ine 2169.


LaTeX Warning: Reference `VALIDATING-URIS' on page iv undefined on input line 2
192.


LaTeX Warning: Reference `OTHER-HTML-TAGS' on page iv undefined on input line 2
215.


LaTeX Warning: Reference `RELATED-ISSUES' on page iv undefined on input line 22
38.


LaTeX Warning: Reference `AVOID-GET-NON-QUERIES' on page iv undefined on input 
line 2261.


LaTeX Warning: Reference `COUNTER-SPAM' on page iv undefined on input line 2284
.


LaTeX Warning: Reference `LIMIT-TIME' on page iv undefined on input line 2307.


LaTeX Warning: Reference `BUFFER-OVERFLOW' on page iv undefined on input line 2
341.


LaTeX Warning: Reference `DANGERS-C' on page iv undefined on input line 2365.


LaTeX Warning: Reference `LIBRARY-C' on page iv undefined on input line 2388.


LaTeX Warning: Reference `BUFFER-STANDARD-SOLUTION' on page iv undefined on inp
ut line 2412.


LaTeX Warning: Reference `STATIC-VS-DYNAMIC-BUFFERS' on page iv undefined on in
put line 2435.


LaTeX Warning: Reference `STRLCPY' on page iv undefined on input line 2458.


LaTeX Warning: Reference `LIBMIB' on page iv undefined on input line 2481.


LaTeX Warning: Reference `SAFESTR' on page iv undefined on input line 2504.


LaTeX Warning: Reference `STD-STRING' on page iv undefined on input line 2527.


LaTeX Warning: Reference `LIBSAFE' on page iv undefined on input line 2550.


LaTeX Warning: Reference `OTHER-BUFFER-LIBRARIES' on page iv undefined on input
 line 2573.


LaTeX Warning: Reference `COMPILATION-C' on page iv undefined on input line 259
6.


LaTeX Warning: Reference `OTHER-LANGUAGES' on page iv undefined on input line 2
619.


LaTeX Warning: Reference `INTERNALS' on page iv undefined on input line 2653.


LaTeX Warning: Reference `FOLLOW-GOOD-PRINCIPLES' on page iv undefined on input
 line 2677.


LaTeX Warning: Reference `SECURE-INTERFACE' on page iv undefined on input line 
2700.


LaTeX Warning: Reference `DATA-VS-CONTROL' on page iv undefined on input line 2
723.


LaTeX Warning: Reference `MINIMIZE-PRIVILEGES' on page iv undefined on input li
ne 2746.


LaTeX Warning: Reference `MIMIMIZE-PRIVILEGES-GRANTED' on page iv undefined on 
input line 2770.


LaTeX Warning: Reference `MINIMIZE-TIME-PRIVILEGE-USABLE' on page iv undefined 
on input line 2793.


LaTeX Warning: Reference `MINIMIZE-TIME-PRIVILEGE-ACTIVE' on page iv undefined 
on input line 2816.


LaTeX Warning: Reference `MINIMIZE-PRIVILEGED-MODULES' on page iv undefined on 
input line 2839.


LaTeX Warning: Reference `CONSIDER-FSUID' on page iv undefined on input line 28
62.


LaTeX Warning: Reference `CONSIDER-CHROOT' on page iv undefined on input line 2
885.


LaTeX Warning: Reference `MINIMIZE-ACCESSIBLE-DATA' on page iv undefined on inp
ut line 2908.


LaTeX Warning: Reference `MINIMIZE-RESOURCES' on page iv undefined on input lin
e 2931.


LaTeX Warning: Reference `MINIMIZE-FUNCTIONALITY' on page iv undefined on input
 line 2954.


LaTeX Warning: Reference `AVOID-SETUID' on page iv undefined on input line 2977
.


LaTeX Warning: Reference `SAFE-CONFIGURE' on page iv undefined on input line 30
00.


LaTeX Warning: Reference `INIT-SAFE' on page iv undefined on input line 3023.


LaTeX Warning: Reference `MINIMIZE-DATA-ACCESS' on page iv undefined on input l
ine 3046.


LaTeX Warning: Reference `FAIL-SAFE' on page iv undefined on input line 3069.


LaTeX Warning: Reference `AVOID-RACE' on page iv undefined on input line 3092.


LaTeX Warning: Reference `NON-ATOMIC' on page iv undefined on input line 3116.

[4.0.9]

LaTeX Warning: Reference `LOCKING' on page v undefined on input line 3139.


LaTeX Warning: Reference `TRUSTWORTHY-CHANNELS' on page v undefined on input li
ne 3162.


LaTeX Warning: Reference `TRUSTED-PATH' on page v undefined on input line 3185.



LaTeX Warning: Reference `INTERNAL-CHECK' on page v undefined on input line 320
8.


LaTeX Warning: Reference `SELF-LIMIT-RESOURCES' on page v undefined on input li
ne 3231.


LaTeX Warning: Reference `CROSS-SITE-MALICIOUS-CONTENT' on page v undefined on 
input line 3254.


LaTeX Warning: Reference `EXPLAIN-CROSS-SITE' on page v undefined on input line
 3278.


LaTeX Warning: Reference `SOLUTIONS-CROSS-SITE' on page v undefined on input li
ne 3301.


LaTeX Warning: Reference `SEMANTIC-ATTACKS' on page v undefined on input line 3
324.


LaTeX Warning: Reference `CAREFUL-TYPING' on page v undefined on input line 334
7.


LaTeX Warning: Reference `COMPLEXITY-ATTACKS' on page v undefined on input line
 3370.


LaTeX Warning: Reference `CALL-OUT' on page v undefined on input line 3404.


LaTeX Warning: Reference `CALL-ONLY-SAFE' on page v undefined on input line 342
8.


LaTeX Warning: Reference `LIMIT-CALL-OUTS' on page v undefined on input line 34
51.


LaTeX Warning: Reference `HANDLE-METACHARACTERS' on page v undefined on input l
ine 3474.


LaTeX Warning: Reference `CALL-INTENTIONAL-APIS' on page v undefined on input l
ine 3497.


LaTeX Warning: Reference `CHECK-RETURNS' on page v undefined on input line 3520
.


LaTeX Warning: Reference `AVOID-VFORK' on page v undefined on input line 3543.


LaTeX Warning: Reference `EMBEDDED-CONTENT-BUGS' on page v undefined on input l
ine 3566.


LaTeX Warning: Reference `HIDE-SENSITIVE-INFORMATION' on page v undefined on in
put line 3589.


LaTeX Warning: Reference `OUTPUT' on page v undefined on input line 3623.


LaTeX Warning: Reference `MINIMIZE-FEEDBACK' on page v undefined on input line 
3647.


LaTeX Warning: Reference `NO-COMMENTS' on page v undefined on input line 3670.


LaTeX Warning: Reference `HANDLE-FULL-OUTPUT' on page v undefined on input line
 3693.


LaTeX Warning: Reference `CONTROL-FORMATTING' on page v undefined on input line
 3716.


LaTeX Warning: Reference `OUTPUT-CHARACTER-ENCODING' on page v undefined on inp
ut line 3739.


LaTeX Warning: Reference `PREVENT-INCLUDE-ACCESS' on page v undefined on input 
line 3762.


LaTeX Warning: Reference `LANGUAGE-SPECIFIC' on page v undefined on input line 
3796.


LaTeX Warning: Reference `C-CPP' on page v undefined on input line 3820.


LaTeX Warning: Reference `PERL' on page v undefined on input line 3843.


LaTeX Warning: Reference `PYTHON' on page v undefined on input line 3866.


LaTeX Warning: Reference `SHELL' on page v undefined on input line 3889.


LaTeX Warning: Reference `ADA' on page v undefined on input line 3912.


LaTeX Warning: Reference `JAVA' on page v undefined on input line 3935.


LaTeX Warning: Reference `TCL' on page v undefined on input line 3958.


LaTeX Warning: Reference `PHP' on page v undefined on input line 3981.


LaTeX Warning: Reference `SPECIAL' on page v undefined on input line 4015.


LaTeX Warning: Reference `PASSWORDS' on page v undefined on input line 4039.


LaTeX Warning: Reference `WEB-AUTHENTICATION' on page v undefined on input line
 4062.


LaTeX Warning: Reference `WEB-AUTHENTICATION-LOGIN' on page v undefined on inpu
t line 4086.


LaTeX Warning: Reference `WEB-AUTHENTICATION-SUBSEQUENT' on page v undefined on
 input line 4109.


LaTeX Warning: Reference `WEB-AUTHENTICATION-LOGOUT' on page v undefined on inp
ut line 4132.


LaTeX Warning: Reference `RANDOM-NUMBERS' on page v undefined on input line 415
5.


LaTeX Warning: Reference `PROTECT-SECRETS' on page v undefined on input line 41
78.


LaTeX Warning: Reference `CRYPTO' on page v undefined on input line 4201.


LaTeX Warning: Reference `CRYPTO-PROTOCOLS' on page v undefined on input line 4
225.


LaTeX Warning: Reference `SYMMETRIC-ENCRYPTION' on page v undefined on input li
ne 4248.


LaTeX Warning: Reference `PUBLIC-KEY-ENCRYPTION' on page v undefined on input l
ine 4271.


LaTeX Warning: Reference `HASH' on page v undefined on input line 4294.


LaTeX Warning: Reference `INTEGRITY-CHECK' on page v undefined on input line 43
17.


LaTeX Warning: Reference `RMAC' on page v undefined on input line 4340.


LaTeX Warning: Reference `CRYPTO-OTHER' on page v undefined on input line 4363.



LaTeX Warning: Reference `USE-PAM' on page v undefined on input line 4386.


LaTeX Warning: Reference `TOOLS' on page v undefined on input line 4409.


LaTeX Warning: Reference `WINDOWS-CE' on page v undefined on input line 4432.


LaTeX Warning: Reference `WRITE-AUDIT-RECORDS' on page v undefined on input lin
e 4455.


LaTeX Warning: Reference `PHYSICAL-EMISSIONS' on page v undefined on input line
 4478.


LaTeX Warning: Reference `MISCELLANEOUS' on page v undefined on input line 4501
.

[5.0.9]

LaTeX Warning: Reference `CONCLUSION' on page vi undefined on input line 4535.


LaTeX Warning: Reference `BIBLIOGRAPHY' on page vi undefined on input line 4569
.


LaTeX Warning: Reference `DOCUMENT-HISTORY' on page vi undefined on input line 
4603.


LaTeX Warning: Reference `ACKNOWLEDGEMENTS' on page vi undefined on input line 
4637.


LaTeX Warning: Reference `ABOUT-LICENSE' on page vi undefined on input line 467
1.


LaTeX Warning: Reference `FDL' on page vi undefined on input line 4705.


LaTeX Warning: Reference `ENDORSEMENTS' on page vi undefined on input line 4739
.


LaTeX Warning: Reference `ABOUT-AUTHOR' on page vi undefined on input line 4773
.

[6.0.9]
LaTeX Font Info:    Font shape `T1/phv/bx/it' in size <13.31> not available
(Font)              Font shape `T1/phv/b/it' tried instead on input line 4906.
LaTeX Font Info:    Font shape `T1/phv/b/it' in size <13.31> not available
(Font)              Font shape `T1/phv/b/sl' tried instead on input line 4906.

Underfull \hbox (badness 1205) in paragraph at lines 4923--4924
 []/pplri8t/A wise man at-tacks the city of
 []


Underfull \hbox (badness 1365) in paragraph at lines 4923--4924
 /pplri8t/the mighty and pulls down the
 []


Underfull \hbox (badness 1946) in paragraph at lines 5088--5157
 /pplr8t/Other books for se-cur-ing Unix-like sys-tems in-clude Anony-mous [199
8]. You
 []


Underfull \hbox (badness 3428) in paragraph at lines 5088--5157
 []  /pplr8t/http://www.unixtools.com/security.html. In-for-ma-tion on con-fig-
ur-ing a Linux
 []


Underfull \hbox (badness 3179) in paragraph at lines 5088--5157
 /pplr8t/[1999], Seifried [1999], Wreski [1998], Swan [2001], and Anony-mous [1
999].
 []


Underfull \hbox (badness 1845) in paragraph at lines 5088--5157
 /pplr8t/learn more about Bastille at []  http://www.bastille-linux.org; it is 
avail-able for
 []


Underfull \hbox (badness 1478) in paragraph at lines 5088--5157
 /pplr8t/at []  http://nsa1.www.conxion.com, in-clud-ing the ``60 Minute Net-wo
rk Se-cu-rity
 []

! pdfTeX warning (ext4): destination with the same identifier (name{page.1}) ha
s been already used, duplicate ignored
<to be read again> 
                   \penalty 
l.5157 [Cheswick 1994].\endPar{}
                                \endNode{}\Node% [1.0.9

]
! pdfTeX warning (ext4): destination with the same identifier (name{page.2}) ha
s been already used, duplicate ignored
<to be read again> 
                   \penalty 
l.5350 {1}}
           This book assumes that the reader understands computer [2.0.9]

! LaTeX Error: Unknown graphics extension: .eps.

See the LaTeX manual or LaTeX Companion for explanation.
Type  H <return>  for immediate help.
 ...                                              
                                                  
l.5621 {EPS}}
             \endNode{}\endNode{}\endSeq{}\endPar{}\endNode{}\endPar{}\Node%
Try typing  <return>  to proceed.
If that doesn't work, type  X <return>  to quit.

! pdfTeX warning (ext4): destination with the same identifier (name{page.3}) ha
s been already used, duplicate ignored
<to be read again> 
                   \penalty 
l.5678 {1}}
           \LineField% [3.0.9]
! pdfTeX warning (ext4): destination with the same identifier (name{page.4}) ha
s been already used, duplicate ignored
<to be read again> 
                   \penalty 
l.5861 ...guide\endPar{}\endNode{}\endSeq{}\endSpS
                                                  {}\endNode{}\Node% [4.0.9]
LaTeX Font Info:    Font shape `T1/phv/bx/n' in size <12.1> not available
(Font)              Font shape `T1/phv/b/n' tried instead on input line 6052.
LaTeX Font Info:    Font shape `T1/phv/bx/n' in size <11> not available
(Font)              Font shape `T1/phv/b/n' tried instead on input line 6095.

Underfull \hbox (badness 2600) in paragraph at lines 6176--6223
 []/pplr8t/The re-sult was many dif-fer-ent ver-sions of Unix, all based on the
 orig-i-nal
 []


Underfull \hbox (badness 1635) in paragraph at lines 6176--6223
 /pplr8t/sev-enth edi-tion. Most ver-sions of Unix were pro-pri-etary and main-
tained by
 []


Underfull \hbox (badness 2932) in paragraph at lines 6176--6223
 /pplr8t/their re-spec-tive hard-ware ven-dor, for ex-am-ple, Sun So-laris is a
 vari-ant of
 []


Underfull \hbox (badness 1325) in paragraph at lines 6176--6223
 /pplr8t/FreeBSD (con-cen-trat-ing on ease-of-installation for PC-type hard-war
e), NetBSD
 []


Underfull \hbox (badness 2753) in paragraph at lines 6176--6223
 /pplr8t/OpenBSD (con-cen-trat-ing on se-cu-rity). More gen-eral in-for-ma-tion
 about Unix
 []


Underfull \hbox (badness 1776) in paragraph at lines 6176--6223
 /pplr8t/his-tory can be found at []  http://www.datametrics.com/tech/unix/uxhi
stry/brf-
 []


Underfull \hbox (badness 10000) in paragraph at lines 6176--6223
 /pplr8t/hist.htm, []  http://perso.wanadoo.fr/levenez/unix, and
 []


Underfull \hbox (badness 10000) in paragraph at lines 6176--6223
 []  /pplr8t/http://www.crackmonkey.org/unix.html (note that Mi-crosoft Win-dow
s
 []


Underfull \hbox (badness 5667) in paragraph at lines 6176--6223
 /pplr8t/found in [McKu-sick 1999] and []  ftp://ftp.freebsd.org/pub/FreeBSD/Fr
eeBSD-
 []

! pdfTeX warning (ext4): destination with the same identifier (name{page.5}) ha
s been already used, duplicate ignored
<to be read again> 
                   \penalty 
l.6319 would not be realized.\endPar{}
                                      \endNode{}\endSeq{}\endDisplayGroup{}\...
[5.0.9

]
Underfull \hbox (badness 1303) in paragraph at lines 6378--6385
 []/pplr8t/In 1991 Li-nus Tor-valds be-gan de-vel-op-ing an op-er-at-ing sys-te
m ker-nel, which
 []


Underfull \hbox (badness 1354) in paragraph at lines 6378--6385
 /pplr8t/he named ``Linux'' [Tor-valds 1999]. This ker-nel could be com-bined w
ith the
 []


Underfull \hbox (badness 1102) in paragraph at lines 6537--6556
 /pplr8t/that the open source soft-ware were no-tice-ably more re-li-able than 
pro-pri-etary
 []


Underfull \hbox (badness 2744) in paragraph at lines 6537--6556
 /pplr8t/soft-ware (us-ing their mea-sure-ment tech-nique, which mea-sured re-s
is-tance to
 []

! pdfTeX warning (ext4): destination with the same identifier (name{page.6}) ha
s been already used, duplicate ignored
<to be read again> 
                   \penalty 
l.6624 ...de Single UNIX Specification''.\endPar{}
                                                  \endNode{}\Node% [6.0.9]
[7.0.9]
Underfull \hbox (badness 10000) in paragraph at lines 6964--6977
 []/pplr8t/There is some-times con-flict be-tween se-cu-rity and some other gen
-eral
 []


Underfull \hbox (badness 1132) in paragraph at lines 6964--6977
 /pplr8t/sys-tem/software en-gi-neer-ing prin-ci-ples. Se-cu-rity can some-time
s in-ter-fere with
 []

[8.0.9] [9.0.9] [10.0.9] [11.0.9] [12.0.9] [13.0.9] [14.0.9]
Underfull \hbox (badness 1152) in paragraph at lines 9087--9095
 [][][]/pplr8t/Web-based ap-pli-ca-tions (in-clud-ing CGI scripts). These are a
 spe-cial case of
 []


Underfull \hbox (badness 1509) in paragraph at lines 9087--9095
 /pplr8t/network-accessible servers, but they're so com-mon they de-serve their
 own
 []

[15.0.9]
Underfull \hbox (badness 1303) in paragraph at lines 9379--9402
 /pplr8t/re-sult-ing in more se-cure sys-tems. You can see a larger dis-cus-sio
n of this at
 []

[16.0.9]
Underfull \hbox (badness 1152) in paragraph at lines 9616--9833
 /pplr8t/for. []  Shostack [1999][] de-fines an-other check-list for re-view-in
g security-sensitive
 []


Underfull \hbox (badness 1365) in paragraph at lines 9616--9833
 /pplr8t/such as how to re-struc-ture an ftpd im-ple-men-ta-tion to be sim-pler
 and more
 []


Underfull \hbox (badness 1215) in paragraph at lines 10018--10029
 []/pplr8t/Yoder [1998] con-tains a col-lec-tion of pat-terns to be used when d
eal-ing with
 []


Underfull \hbox (badness 1852) in paragraph at lines 10018--10029
 /pplr8t/ap-pli-ca-tion se-cu-rity. It's not re-ally a spe-cific set of guide-l
ines, but a set of
 []

[17.0.9] [18.0.9]
Underfull \hbox (badness 10000) in paragraph at lines 10755--10755
 [][]/pplr8t/ftp://ftp.freebsd.org/pub/FreeBSD/FreeBSD-current/src/share/misc/b
sd-
 []

[19.0.9]
Underfull \hbox (badness 10000) in paragraph at lines 10935--10935
 [][]/pplr8t/http://www-106.ibm.com/developerworks/linux/library/l-
 []


Underfull \hbox (badness 10000) in paragraph at lines 11055--11055
 [][]/pplr8t/http://www.sunworld.com/sunworldonline/swol-08-1998/swol-08-
 []


Underfull \hbox (badness 10000) in paragraph at lines 11205--11205
 [][]/pplr8t/http://developer.gnome.org/doc/guides/programming-
 []

[20.0.9] [21.0.9] [22.0.9

] [23.0.9]
LaTeX Font Info:    Try loading font information for U+msa on input line 12285.


(/usr/share/texmf/tex/latex/amsfonts/umsa.fd
File: umsa.fd 2002/01/19 v2.2g AMS font definitions
)
LaTeX Font Info:    Try loading font information for U+msb on input line 12285.


(/usr/share/texmf/tex/latex/amsfonts/umsb.fd
File: umsb.fd 2002/01/19 v2.2g AMS font definitions
)
LaTeX Font Info:    Try loading font information for U+wasy on input line 12285
.

(/usr/share/texmf/tex/latex/wasysym/uwasy.fd
File: uwasy.fd 1999/05/13 v1.0i Wasy-2 symbol font definitions
)
LaTeX Font Info:    Try loading font information for U+stmry on input line 1228
5.

(/usr/share/texmf/tex/latex/misc/ustmry.fd)
LaTeX Font Info:    Try loading font information for T1+pcr on input line 12446
.

(/usr/share/texmf/tex/latex/psnfss/t1pcr.fd
File: t1pcr.fd 2001/06/04 font definitions for T1/pcr.
) [24.0.9]
Underfull \hbox (badness 10000) in paragraph at lines 12649--12655
 []/pplr8t/More in-for-ma-tion about POSIX ca-pa-bil-i-ties is avail-able at
 []

[25.0.9]
Underfull \hbox (badness 2582) in paragraph at lines 12918--12922
 []/pplr8t/Filesystem ob-jects are col-lected on filesys-tems, which can be mou
nted and
 []

[26.0.9] [27.0.9]
Underfull \hbox (badness 1127) in paragraph at lines 13387--13394
 /pplr8t/sys-tems sup-port MS-DOS disks, which by de-fault sup-port very few of
 these
 []

[28.0.9]
Overfull \hbox (1.99997pt too wide) in alignment at lines 13826--13904
 [] [] [] [] 
 []


Overfull \hbox (9.47902pt too wide) in paragraph at lines 14202--14202
[]|[]/pplr8t/group:GROUPNAME: 
 []


Overfull \hbox (6.27922pt too wide) in paragraph at lines 14350--14350
[]|[]/pplr8t/mask:GROUPNAME: 
 []


Overfull \hbox (1.99997pt too wide) in alignment at lines 13904--14354
 [] [] [] [] 
 []

[29.0.9] [30.0.9] [31.0.9] [32.0.9] [33.0.9]
Underfull \hbox (badness 1430) in paragraph at lines 15739--15767
 []  /pcrr8t@9.0pt//usr/X11R6/lib /pplr8t/for X-windows, and []  /pcrr8t@9.0pt/
/usr/local/lib/pplr8t/. You should use these
 []

[34.0.9] [35.0.9]
Underfull \hbox (badness 2368) in paragraph at lines 16247--16358
 []/pplr8t/Some ex-ten-sions avail-able in Linux, such as POSIX ca-pa-bil-i-tie
s and spe-cial
 []


Underfull \hbox (badness 1281) in paragraph at lines 16247--16358
 /pplr8t/sys-tem, []  RSBAC[] is based on the Gen-er-al-ized Frame-work for Ac-
cess Con-trol
 []


Underfull \hbox (badness 1728) in paragraph at lines 16247--16358
 /pplr8t/within a re-stricted ex-e-cu-tion en-vi-ron-ment. Some have even used 
[]  User-mode
 []


Underfull \hbox (badness 1701) in paragraph at lines 16247--16358
 /pplr8t/Linux[], which im-ple-ments ``Linux on Linux'', as a sand-box im-ple-m
en-ta-tion.
 []

[36.0.9] [37.0.9] [38.0.9

] [39.0.9] [40.0.9] [41.0.9] [42.0.9] [43.0.9]
[44.0.9]
Underfull \hbox (badness 1092) in paragraph at lines 18421--18422
 []/pplri8t/Wisdom will save you from the
 []


Underfull \hbox (badness 1303) in paragraph at lines 18421--18422
 /pplri8t/ways of wicked men, from men
 []

[45.0.9

]
Underfull \hbox (badness 10000) in paragraph at lines 18829--18835
 [][][] /pplr8t/User agent makes re-quest to vic-tim.cracker.edu, gets back coo
kie
 []


Underfull \hbox (badness 10000) in paragraph at lines 18857--18862
 [][][] /pplr8t/User agent makes re-quest to spoof.cracker.edu, gets back cooki
e
 []


Overfull \hbox (36.79956pt too wide) in paragraph at lines 18913--18913
 []                 /pcrr8t@9.0pt/$Version="1"; session_id="1111"; $Domain=".cr
acker.edu" 
 []

[46.0.9] [47.0.9] [48.0.9]
Underfull \hbox (badness 3758) in paragraph at lines 19754--19767
 []/pplr8t/If you're us-ing a shell as your pro-gram-ming lan-guage, you can us
e the
 []


Underfull \hbox (badness 1917) in paragraph at lines 19754--19767
 /pplr8t/``/usr/bin/env'' pro-gram with the ``-'' op-tion (which erases all en-
vi-ron-ment
 []

[49.0.9] [50.0.9]
Overfull \hbox (2.39398pt too wide) in paragraph at lines 20341--20341
 []/pcrr8t@9.0pt/ftp$/cmmi9/>$ /pcrr8t@9.0pt/ls */../*/../*/../*/../*/../*/../*
/../*/../*/../*/../*/../*/../* 
 []

[51.0.9] [52.0.9] [53.0.9]
Underfull \hbox (badness 1454) in paragraph at lines 21334--21339
 []/pplr8t/The widely-used ``get-text'' in-ter-face is at least not vul-ner-a-b
le to a ma-li-cious
 []


Underfull \hbox (badness 1163) in paragraph at lines 21398--21420
 /pplr8t/a nar-row fil-ter that only per-mits le-git-i-mate lo-cale names. For 
user pro-grams
 []


Underfull \hbox (badness 1152) in paragraph at lines 21398--21420
 /pplr8t/(es-pe-cially se-tuid/setgid pro-grams), these val-ues will come in vi
a NLSPATH,
 []


Underfull \hbox (badness 10000) in paragraph at lines 21398--21420
 /pplr8t/(es-pe-cially LC_MESSAGES, but also in-clud-ing LC_COLLATE, LC_CTYPE,
 []


Underfull \hbox (badness 3746) in paragraph at lines 21398--21420
 /pplr8t/LC_MONETARY, LC_NUMERIC, and LC_TIME). For web ap-pli-ca-tions, this
 []

[54.0.9] [55.0.9] [56.0.9] [57.0.9]
Overfull \hbox (1.59998pt too wide) in alignment at lines 22347--22407
 [] [] [] 
 []


Overfull \hbox (1.59998pt too wide) in alignment at lines 22407--22973
 [] [] [] 
 []

[58.0.9]
Underfull \hbox (badness 10000) in paragraph at lines 23069--23080
 []/pplr8t/Handling this can be tricky. You might want to ex-am-ine the C
 []


Underfull \hbox (badness 10000) in paragraph at lines 23069--23080
 /pplr8t/rou-tines de-vel-oped by Uni-code to han-dle con-ver-sions, avail-able
 at
 []

[59.0.9] [60.0.9] [61.0.9] [62.0.9] [63.0.9] [64.0.9] [65.0.9] [66.0.9]
[67.0.9] [68.0.9] [69.0.9] [70.0.9

]
Underfull \hbox (badness 4686) in paragraph at lines 26206--26239
 /pplr8t/[2001], or the Nathan P. Smith's "Stack Smash-ing Se-cu-rity Vul-ner-a
-bil-i-ties"
 []


Underfull \hbox (badness 1478) in paragraph at lines 26206--26239
 /pplr8t/and some ways to counter them is given by Crispin Cowan et al, 2000, a
t
 []

[71.0.9] [72.0.9] [73.0.9] [74.0.9]
Underfull \hbox (badness 1701) in paragraph at lines 27186--27197
 []/pplr8t/An al-ter-na-tive, be-ing em-ployed by OpenBSD, is the strl-cpy(3) a
nd strl-cat(3)
 []


Underfull \hbox (badness 7759) in paragraph at lines 27186--27197
 /pplr8t/buffer ap-proach that pro-vides C string copy-ing and con-cate-na-tion
 with
 []


Underfull \hbox (badness 5847) in paragraph at lines 27186--27197
 /pplr8t/a dif-fer-ent (and less error-prone) in-ter-face. Source and doc-u-men
-ta-tion of
 []

[75.0.9]
Underfull \hbox (badness 1215) in paragraph at lines 27260--27267
 []/pplr8t/The strl-cpy func-tion copies up to size-1 char-ac-ters from the NUL
-terminated
 []


Underfull \hbox (badness 3439) in paragraph at lines 27419--27436
 []/pplr8t/One toolset for C that dy-nam-i-cally re-al-lo-cates strings au-to-m
at-i-cally is the
 []


Underfull \hbox (badness 5091) in paragraph at lines 27419--27436
 /pplr8t/``lib-mib al-lo-cated string func-tions'' by For-rest J. Cav-a-lier II
I, avail-able at
 []


Underfull \hbox (badness 10000) in paragraph at lines 27419--27436
 []  /pplr8t/http://www.mibsoftware.com/libmib/astring. There are two vari-a-ti
ons of
 []


Underfull \hbox (badness 1852) in paragraph at lines 27419--27436
 /pplr8t/li-cense that per-mits mod-i-fi-ca-tion and re-dis-tri-bu-tion, but re
-dis-tri-bu-tions must
 []

[76.0.9]
Underfull \hbox (badness 2293) in paragraph at lines 27495--27512
 []/pplr8t/The Safe C String (Safestr) li-brary by Messier and Viega is avail-a
ble from
 []


Underfull \hbox (badness 4647) in paragraph at lines 27495--27512
 []  /pplr8t/http://www.zork.org/safestr. Safestr pro-vides a set of string fun
c-tions for
 []


Underfull \hbox (badness 4859) in paragraph at lines 27495--27512
 /pplr8t/C that au-to-mat-i-cally re-al-lo-cates strings as nec-es-sary. Safest
r strings eas-ily
 []


Underfull \hbox (badness 2111) in paragraph at lines 27661--27681
 /pplr8t/func-tions such as str-cpy(3). These mod-i-fied ver-sions im-ple-ment 
the orig-i-nal
 []


Underfull \hbox (badness 1152) in paragraph at lines 27661--27681
 []  /pplr8t/http://www.research.avayalabs.com/project/libsafe. The Lib-safe so
urce code is
 []

[77.0.9] [78.0.9] [79.0.9] [80.0.9]
Underfull \hbox (badness 10000) in paragraph at lines 28794--28794
 []/pplri8t/Like a city whose walls are
 []

[81.0.9

] [82.0.9] [83.0.9]
Underfull \hbox (badness 1062) in paragraph at lines 29934--29949
 /pplr8t/via []  http://www.suse.de/~marc. A sim-i-lar tool is dream-land; you 
can that at
 []


Underfull \hbox (badness 10000) in paragraph at lines 29965--29985
 []/pplr8t/Note that []  /pplri8t/not /pplr8t/all Unix-like sys-tems, im-ple-me
nt POSIX ca-pa-bil-i-ties, and
 []


Underfull \hbox (badness 10000) in paragraph at lines 29965--29985
 /pplr8t/PR_SET_KEEPCAPS is cur-rently a Linux-only ex-ten-sion. Thus, these
 []


Underfull \hbox (badness 2753) in paragraph at lines 29965--29985
 /pplr8t/ap-proaches limit porta-bil-ity. How-ever, if you use it merely as an 
op-tional
 []


Underfull \hbox (badness 1253) in paragraph at lines 29965--29985
 /pplr8t/safe-guard only where it's avail-able, us-ing this ap-proach will not 
re-ally limit
 []


Underfull \hbox (badness 1077) in paragraph at lines 29965--29985
 /pplr8t/porta-bil-ity. Also, while the Linux ker-nel ver-sion 2.2 and greater 
in-cludes the
 []


Underfull \hbox (badness 1365) in paragraph at lines 29965--29985
 /pplr8t/low-level calls, the C-level li-braries to make their use easy are not
 in-stalled
 []


Underfull \hbox (badness 2229) in paragraph at lines 29965--29985
 /pplr8t/on some Linux dis-tri-bu-tions, slightly com-pli-cat-ing their use in 
ap-pli-ca-tions.
 []


Underfull \hbox (badness 2556) in paragraph at lines 29965--29985
 /pplr8t/For more in-for-ma-tion on Linux's im-ple-men-ta-tion of POSIX ca-pa-b
il-i-ties, see
 []

[84.0.9]
Underfull \hbox (badness 2856) in paragraph at lines 30174--30182
   /pplr8t/One ap-proach, used by send-mail, is to at-tempt to do se-tuid(0) af
-ter a
 []


Underfull \hbox (badness 3364) in paragraph at lines 30174--30182
 /pplr8t/For more in-for-ma-tion, see http://sendmail.net/?feed=000607linuxbug.
 In the
 []


Underfull \hbox (badness 2913) in paragraph at lines 30263--30293
 /pplr8t/harm-ful'' be-cause of the many at-tacks it doesn't counter. Still, te
m-porar-ily
 []

[85.0.9] [86.0.9] [87.0.9]
Underfull \hbox (badness 1552) in paragraph at lines 30845--30876
 [][][]/pplr8t/Chroot re-ally isn't ef-fec-tive if the pro-gram can ac-quire ro
ot priv-i-lege. For
 []


Underfull \hbox (badness 1668) in paragraph at lines 30845--30876
 /pplr8t/that can view phys-i-cal mem-ory, and then use the re-sult-ing de-vice
 file to
 []

[88.0.9] [89.0.9] [90.0.9] [91.0.9]
Underfull \hbox (badness 4886) in paragraph at lines 32066--32082
 []/pplr8t/As an-other ex-am-ple, when per-form-ing a se-ries of op-er-a-tions 
on a file's
 []

[92.0.9] [93.0.9] [94.0.9] [95.0.9] [96.0.9]
Underfull \hbox (badness 10000) in paragraph at lines 32996--33018
 []/pplr8t/I should note that the Open-wall Linux patch from
 []

[97.0.9] [98.0.9] [99.0.9] [100.0.9] [101.0.9]
Underfull \hbox (badness 2213) in paragraph at lines 34213--34219
 []/pplr8t/In net-work dae-mons, shed or limit ex-ces-sive loads. Set limit val
-ues (us-ing
 []


Underfull \hbox (badness 2913) in paragraph at lines 34278--34294
 /pplr8t/sev-eral names in-clud-ing ``cross-site script-ing'', ``ma-li-cious HT
ML tags'', and
 []

[102.0.9]
Underfull \hbox (badness 10000) in paragraph at lines 34522--34541
   /pplr8t/More in-for-ma-tion from CERT about this is avail-able at
 []


Underfull \hbox (badness 10000) in paragraph at lines 34522--34541
 []  /pplr8t/http://www.cert.org/archive/pdf/cross_site_scripting.pdf. The pa-p
er []  The
 []

[103.0.9] [104.0.9] [105.0.9]
Underfull \hbox (badness 5985) in paragraph at lines 35634--35686
 []/pplr8t/This ap-proach to HTML en-cod-ing isn't quite enough en-cod-ing in s
ome
 []

[106.0.9]
Underfull \hbox (badness 1342) in paragraph at lines 35939--35955
 /pplr8t/If the wid-get al-lows the user to change these en-tries, it pro-vides
 ad-di-tional
 []

[107.0.9] [108.0.9]
Overfull \hbox (151.28442pt too wide) in paragraph at lines 36415--36415
 [][]/pplr8t/http://news.netcraft.com/archives/2004/01/28/microsoft_to_remove_s
upport_for_usernames_in_http_urls.html 
 []

[109.0.9] [110.0.9

]
Underfull \hbox (badness 1931) in paragraph at lines 36924--36932
 []/pplr8t/Many sys-tems, such as the com-mand line shell and SQL in-ter-preter
s, have
 []


Underfull \hbox (badness 1442) in paragraph at lines 36948--36978
 []/pplr8t/One of the most per-va-sive metachar-ac-ter prob-lems are those in-v
olv-ing shell
 []


Underfull \hbox (badness 3954) in paragraph at lines 36948--36978
 /pplr8t/metachar-ac-ters. The stan-dard Unix-like com-mand shell (stored in /b
in/sh)
 []

[111.0.9] [112.0.9] [113.0.9] [114.0.9] [115.0.9] [116.0.9] [117.0.9

] [118.0.9] [119.0.9] [120.0.9]
Overfull \hbox (48.56534pt too wide) in paragraph at lines 39637--39637
 [][]/pplr8t/http://www-syntim.inria.fr/fractales/Staff/Raynal/LinuxMag/SecProg
/Art4/index.html 
 []

[121.0.9] [122.0.9

] [123.0.9] [124.0.9] [125.0.9] [126.0.9]
Underfull \hbox (badness 1596) in paragraph at lines 40995--41022
 /pplr8t/and have un-fix-able ex-ploitable se-cu-rity flaws. Thus, these classe
s have been
 []

[127.0.9] [128.0.9]
Underfull \hbox (badness 10000) in paragraph at lines 41478--41482
 []/pplr8t/Like many other lan-guages, Ada's string types (in-clud-ing String a
nd
 []


Underfull \hbox (badness 5203) in paragraph at lines 41596--41627
 []/pplr8t/If you're de-vel-op-ing se-cure pro-grams us-ing Java, frankly your 
first step
 []


Underfull \hbox (badness 5288) in paragraph at lines 41596--41627
 /pplr8t/(af-ter learn-ing Java) is to read the two pri-mary texts for Java se-
cu-rity,
 []


Underfull \hbox (badness 1838) in paragraph at lines 41596--41627
 /pplr8t/namely Gong [1999] and Mc-Graw [1999] (for the lat-ter, look par-tic-u
-larly at
 []

[129.0.9] [130.0.9] [131.0.9]
Underfull \hbox (badness 1831) in paragraph at lines 42698--42732
 /pplr8t/ba-sic pro-gram-ming ca-pa-bil-i-ties. The li-brary can be em-bed-ded 
in ap-pli-ca-tion
 []


Underfull \hbox (badness 1242) in paragraph at lines 42698--42732
 []  /pplr8t/http://www.tclfaq.wservice.com/tcl-faq. My thanks go to Wo-j-ciech
 Koc-jan for
 []

[132.0.9]
Underfull \hbox (badness 2600) in paragraph at lines 42748--42760
 []/pplr8t/For some se-cu-rity ap-pli-ca-tions, es-pe-cially in-ter-est-ing com
-po-nents of Tcl are
 []


Underfull \hbox (badness 1728) in paragraph at lines 42748--42760
 /pplr8t/Safe-Tcl (which cre-ates a sand-box in Tcl) and Safe-TK (which im-ple-
ments a
 []


Underfull \hbox (badness 1939) in paragraph at lines 42748--42760
 /pplr8t/sand-boxed portable GUI for Safe Tcl), as well as the Web-WiseT-clTk T
oolkit
 []


Underfull \hbox (badness 4266) in paragraph at lines 42748--42760
 /pplr8t/which per-mits Tcl pack-ages to be au-to-mat-i-cally lo-cated and load
ed from
 []

[133.0.9] [134.0.9] [135.0.9] [136.0.9
! pdfTeX warning (ext4): destination with the same identifier (name{PHP}) has b
een already used, duplicate ignored
<to be read again> 
                   \endgroup 
l.43623 ...t register\char95{}globals on.\endPar{}
                                                  \endNode{}\Node%] [137.0.9]
LaTeX Font Info:    Calculating math sizes for size <7.835> on input line 43873
.


LaTeX Font Warning: Font shape `OT1/cmr/m/n' in size <5.48447> not available
(Font)              size <5> substituted on input line 43873.


LaTeX Font Warning: Font shape `OT1/cmr/m/n' in size <3.9175> not available
(Font)              size <5> substituted on input line 43873.


LaTeX Font Warning: Font shape `OML/cmm/m/it' in size <5.48447> not available
(Font)              size <5> substituted on input line 43873.


LaTeX Font Warning: Font shape `OML/cmm/m/it' in size <3.9175> not available
(Font)              size <5> substituted on input line 43873.


LaTeX Font Warning: Font shape `OMS/cmsy/m/n' in size <5.48447> not available
(Font)              size <5> substituted on input line 43873.


LaTeX Font Warning: Font shape `OMS/cmsy/m/n' in size <3.9175> not available
(Font)              size <5> substituted on input line 43873.


LaTeX Font Warning: Font shape `U/msa/m/n' in size <5.48447> not available
(Font)              size <5> substituted on input line 43873.


LaTeX Font Warning: Font shape `U/msa/m/n' in size <3.9175> not available
(Font)              size <5> substituted on input line 43873.


LaTeX Font Warning: Font shape `U/msb/m/n' in size <5.48447> not available
(Font)              size <5> substituted on input line 43873.


LaTeX Font Warning: Font shape `U/msb/m/n' in size <3.9175> not available
(Font)              size <5> substituted on input line 43873.


LaTeX Font Warning: Font shape `U/wasy/m/n' in size <5.48447> not available
(Font)              size <5> substituted on input line 43873.


LaTeX Font Warning: Font shape `U/wasy/m/n' in size <3.9175> not available
(Font)              size <5> substituted on input line 43873.


LaTeX Font Warning: Font shape `U/stmry/m/n' in size <5.48447> not available
(Font)              size <5> substituted on input line 43873.


LaTeX Font Warning: Font shape `U/stmry/m/n' in size <3.9175> not available
(Font)              size <5> substituted on input line 43873.


Underfull \hbox (badness 1142) in paragraph at lines 44051--44064
 [][][]/pplr8t/Use di-rec-tives to limit priv-i-leges (such as safe_mode, dis-a
ble_function, and
 []

[138.0.9]
Underfull \hbox (badness 10000) in paragraph at lines 44340--44340
 [][]/pplr8t/http://www.xray.mpe.mpg.de/mailing-lists/perl5-porters/2000-
 []


Underfull \hbox (badness 10000) in paragraph at lines 44430--44430
 [][]/pplr8t/http://www-106.ibm.com/developerworks/java/library/j-
 []

[139.0.9] [140.0.9]
Underfull \hbox (badness 1616) in paragraph at lines 44683--44684
 /pplri8t/to those who have it, but folly
 []


Underfull \hbox (badness 10000) in paragraph at lines 44807--44818
 /pplr8t/and per-mit only ``good'' pass-words (e.g., not in a dic-tio-nary, hav
-ing
 []


Underfull \hbox (badness 1577) in paragraph at lines 44807--44818
 /pplr8t/cer-tain min-i-mal length, etc.). You may want to look at in-for-ma-ti
on such as
 []

[141.0.9

] [142.0.9] [143.0.9] [144.0.9] [145.0.9] [146.0.9] [147.0.9]
Underfull \hbox (badness 10000) in paragraph at lines 46558--46580
 []/pplr8t/For back-ground in-for-ma-tion and code, you should prob-a-bly look
 []


Underfull \hbox (badness 10000) in paragraph at lines 46558--46580
 /pplr8t/at the clas-sic text ``Ap-plied Cryp-tog-ra-phy'' [Schneier 1996]. The

 []


Underfull \hbox (badness 2762) in paragraph at lines 46558--46580
 /pplr8t/news-group ``sci.crypt'' has a se-ries of FAQ's; you can find them at 
many
 []


Underfull \hbox (badness 10000) in paragraph at lines 46558--46580
 /pplr8t/lo-ca-tions, in-clud-ing []  http://www.landfield.com/faqs/cryptograph
y-faq.
 []


Underfull \hbox (badness 10000) in paragraph at lines 46558--46580
 /pplr8t/Linux-specific re-sources in-clude the Linux En-cryp-tion HOWTO at
 []

[148.0.9] [149.0.9]
Underfull \hbox (badness 1389) in paragraph at lines 46913--46930
 [][][]/pplr8t/OpenPGP and S/MIME. There are two com-pet-ing, es-sen-tially in-
com-pat-i-ble
 []

[150.0.9] [151.0.9] [152.0.9] [153.0.9]
Underfull \hbox (badness 10000) in paragraph at lines 48095--48111
 [][][]/pplr8t/Flawfinder, which I've de-vel-oped; it's avail-able at
 []


Underfull \hbox (badness 1571) in paragraph at lines 48095--48111
 /pplr8t/RATS, flawfinder is im-ple-mented in Python. The de-vel-op-ers of RATS
 and
 []

[154.0.9]
Underfull \hbox (badness 1540) in paragraph at lines 48255--48278
 /pplr8t/pro-gram-mer an-no-tates their pro-gram in a few places, and cqual per
-forms
 []

[155.0.9]
Underfull \hbox (badness 10000) in paragraph at lines 48843--48851
 []/pplr8t/If you're se-cur-ing a Win-dows CE De-vice, you should read
 []


Underfull \hbox (badness 10000) in paragraph at lines 48843--48851
 /pplr8t/Mari-cia Al-forque's "Cre-at-ing a Se-cure Win-dows CE De-vice" at
 []

[156.0.9] [157.0.9] [158.0.9]
Underfull \hbox (badness 10000) in paragraph at lines 49581--49581
 [][]/pplr8t/http://www-106.ibm.com/developerworks/java/library/wa-
 []

[159.0.9]
Underfull \hbox (badness 10000) in paragraph at lines 49806--49806
 [][]/pplr8t/http://csrc.nist.gov/encryption/kms/key-management-guideline-
 []


Underfull \hbox (badness 10000) in paragraph at lines 50331--50331
 [][]/pplr8t/http://www.tldp.org/HOWTO/Software-Release-Practice-
 []

[160.0.9] [161.0.9

] [162.0.9

]
Underfull \hbox (badness 1755) in paragraph at lines 50842--50845
 []/pplri8t/The words of the wise are like
 []


Underfull \hbox (badness 1762) in paragraph at lines 50842--50845
 /pplri8t/firmly em-bed-ded nails--given by
 []


Underfull \hbox (badness 1242) in paragraph at lines 50842--50845
 /pplri8t/mak-ing many books there is no
 []


Underfull \hbox (badness 3333) in paragraph at lines 50917--50930
 []/pplr8t/[Al-Herbish 1999] Al-Herbish, Thamer. 1999. []  /pplri8t/Se-cure Uni
x Pro-gram-ming FAQ/pplr8t/.
 []


Underfull \hbox (badness 10000) in paragraph at lines 50946--50968
 []/pplr8t/[Aleph1 1996] Aleph1. Novem-ber 8, 1996. ``Smash-ing The Stack
 []


Underfull \hbox (badness 10000) in paragraph at lines 50946--50968
 /pplr8t/For Fun And Profit''. []  /pplri8t/Phrack Mag-a-zine/pplr8t/. Is-sue 4
9, Ar-ti-cle 14.
 []


Underfull \hbox (badness 10000) in paragraph at lines 50946--50968
 []  /pplr8t/http://www.phrack.com/search.phtml?view&article=p49-14 or al-ter-n
a-tively
 []


Underfull \hbox (badness 2772) in paragraph at lines 50984--50990
 []/pplr8t/[Anonymous 1999] Anony-mous. Oc-to-ber 1999. Max-i-mum Linux Se-cu-r
ity: A
 []


Underfull \hbox (badness 10000) in paragraph at lines 51029--51039
 []/pplr8t/[Anonymous Phrack 2001] Anony-mous. Au-gust 11, 2001. Once
 []


Underfull \hbox (badness 10000) in paragraph at lines 51029--51039
 /pplr8t/upon a free(). Phrack, Vol-ume 0x0b, Is-sue 0x39, Phile #0x09 of 0x12.

 []


Underfull \hbox (badness 4416) in paragraph at lines 51130--51140
 []/pplr8t/[Bellovin 1989] Bellovin, Steven M. April 1989. "Se-cu-rity Prob-lem
s in the
 []


Underfull \hbox (badness 3557) in paragraph at lines 51130--51140
 /pplr8t/TCP/IP Pro-to-col Suite" Com-puter Com-mu-ni-ca-tions Re-view 2:19, pp
. 32-48.
 []


Underfull \hbox (badness 10000) in paragraph at lines 51156--51170
 []/pplr8t/[Bellovin 1994] Bellovin, Steven M. De-cem-ber 1994. []  /pplri8t/Sh
ift-ing the Odds
 []


Underfull \hbox (badness 10000) in paragraph at lines 51156--51170
 /pplri8t/-- Writ-ing (More) Se-cure Soft-ware/pplr8t/. Mur-ray Hill, NJ: AT&T 
Re-search.
 []


Underfull \hbox (badness 10000) in paragraph at lines 51186--51200
 []/pplr8t/[Bishop 1996] Bishop, Matt. May 1996. ``UNIX Se-cu-rity: Se-cu-rity
 []


Underfull \hbox (badness 10000) in paragraph at lines 51186--51200
 /pplr8t/in Pro-gram-ming''. []  /pplri8t/SANS '96/pplr8t/. Wash-ing-ton DC (Ma
y 1996).
 []


Underfull \hbox (badness 10000) in paragraph at lines 51216--51231
 []/pplr8t/[Bishop 1997] Bishop, Matt. Oc-to-ber 1997. ``Writ-ing Safe
 []


Underfull \hbox (badness 10000) in paragraph at lines 51216--51231
 /pplr8t/Priv-i-leged Pro-grams''. []  /pplri8t/Net-work Se-cu-rity 1997 /pplr8
t/New Or-leans, LA.
 []


Underfull \hbox (badness 2245) in paragraph at lines 51247--51265
 []/pplr8t/[Blaze 1996] Blaze, Matt, Whit-field Diffie, Ronald L. Rivest, Bruce
 Schneier,
 []


Underfull \hbox (badness 6284) in paragraph at lines 51247--51265
 /pplr8t/Tsu-tomu Shi-mo-mura, Eric Thomp-son, and Michael Wiener. Jan-uary 199
6.
 []


Underfull \hbox (badness 10000) in paragraph at lines 51247--51265
 /pplr8t/``Min-i-mal Key Lengths for Sym-met-ric Ci-phers to Pro-vide Ad-e-quat
e
 []


Underfull \hbox (badness 10000) in paragraph at lines 51247--51265
 /pplr8t/Com-puter Sci-en-tists.'' []  ftp://ftp.research.att.com/dist/mab/keyl
ength.txt and
 []

[163.0.9]
Underfull \hbox (badness 10000) in paragraph at lines 51312--51326
 []/pplr8t/[CERT 1998] Com-puter Emer-gency Re-sponse Team (CERT) Co-or-di-na-t
ion
 []


Underfull \hbox (badness 10000) in paragraph at lines 51312--51326
 /pplr8t/Cen-ter (CERT/CC). Febru-ary 13, 1998. []  /pplri8t/San-i-tiz-ing User
-Supplied
 []


Underfull \hbox (badness 10000) in paragraph at lines 51312--51326
 /pplri8t/Data in CGI Scripts/pplr8t/. CERT Ad-vi-sory CA-97.25.CGI$[]$metachar
.
 []


Underfull \hbox (badness 1253) in paragraph at lines 51392--51402
 /pplr8t/``How To Re-move Meta-characters From User-Supplied Data In CGI Script
s''.
 []


Underfull \hbox (badness 10000) in paragraph at lines 51418--51443
 []/pplr8t/[Cowan 1999] Cowan, Crispin, Perry Wa-gle, Cal-ton Pu, Steve Beat-ti
e,
 []


Underfull \hbox (badness 7256) in paragraph at lines 51418--51443
 /pplr8t/and Jonathan Walpole. ``Buffer Over-flows: At-tacks and De-fenses for 
the
 []


Underfull \hbox (badness 1931) in paragraph at lines 51418--51443
 /pplr8t/Con-fer-ence and Expo (DIS-CEX), []  http://schafercorp-ballston.com/d
iscex SANS
 []


Underfull \hbox (badness 10000) in paragraph at lines 51418--51443
 /pplr8t/2000. []  http://www.sans.org/newlook/events/sans2000.htm. For a copy,
 see
 []


Underfull \hbox (badness 10000) in paragraph at lines 51459--51468
 []/pplr8t/[Cox 2000] Cox, Philip. March 30, 2001. Hard-en-ing Win-dows 2000.
 []


Underfull \hbox (badness 5970) in paragraph at lines 51530--51540
 []/pplr8t/[Felten 1997] Ed-ward W. Fel-ten, Dirk Bal-fanz, Drew Dean, and Dan 
S.
 []


Underfull \hbox (badness 7613) in paragraph at lines 51530--51540
 /pplr8t/Wal-lach. Web Spoof-ing: An In-ter-net Con Game Tech-ni-cal Re-port 54
0-96
 []


Underfull \hbox (badness 4505) in paragraph at lines 51530--51540
 /pplr8t/(re-vised Feb. 1997) De-part-ment of Com-puter Sci-ence, Prince-ton Un
i-ver-sity
 []


Underfull \hbox (badness 10000) in paragraph at lines 51586--51596
 []/pplr8t/[FHS 1997] Filesys-tem Hi-er-ar-chy Stan-dard (FHS 2.0). Oc-to-ber 2
6, 1997.
 []


Underfull \hbox (badness 1184) in paragraph at lines 51586--51596
 /pplr8t/Filesys-tem Hi-er-ar-chy Stan-dard Group, edited by Daniel Quin-lan. V
er-sion 2.0.
 []


Underfull \hbox (badness 7576) in paragraph at lines 51636--51644
 []/pplr8t/[Flake 2001] Flake, Havlar. Au-dit-ing Bi-na-ries for Se-cu-rity Vul
-ner-a-bil-i-ties.
 []


Underfull \hbox (badness 10000) in paragraph at lines 51660--51667
 []/pplr8t/[FOLDOC] Free On-Line Dic-tio-nary of Com-put-ing.
 []

[164.0.9]
Underfull \hbox (badness 3460) in paragraph at lines 51820--51831
 []/pplr8t/[Fu 2001] Fu, Kevin, Emil Sit, Kendra Smith, and Nick Feam-ster. Au-
gust
 []


Underfull \hbox (badness 3209) in paragraph at lines 51820--51831
 /pplr8t/2001. ``Dos and Don'ts of Client Au-then-ti-ca-tion on the Web''. Pro-
ceed-ings
 []


Underfull \hbox (badness 3758) in paragraph at lines 51820--51831
 /pplr8t/of the 10th USENIX Se-cu-rity Sym-po-sium, Wash-ing-ton, D.C., Au-gust
 2001.
 []


Underfull \hbox (badness 10000) in paragraph at lines 51900--51914
 []  /pplri8t/Sun-world/pplr8t/. []  http://www.sunworld.com/sunworldonline/swo
l-08-1998/swol-08-
 []


Underfull \hbox (badness 10000) in paragraph at lines 52086--52099
 []/pplr8t/[Gundavaram Un-known] Gun-davaram, Shishir, and Tom
 []


Underfull \hbox (badness 10000) in paragraph at lines 52086--52099
 /pplr8t/Chris-tiansen. Date Un-known. []  /pplri8t/Perl CGI Pro-gram-ming FAQ/
pplr8t/.
 []

[165.0.9]
Underfull \hbox (badness 10000) in paragraph at lines 52359--52370
 []/pplr8t/[ISO 9000] In-ter-na-tional Or-ga-ni-za-tion for Stan-dard-iza-tion
 []


Underfull \hbox (badness 10000) in paragraph at lines 52359--52370
 /pplr8t/(ISO). 2000. Qual-ity man-age-ment sys-tems - Fun-da-men-tals and
 []


Underfull \hbox (badness 10000) in paragraph at lines 52359--52370
 /pplr8t/vo-cab-u-lary. ISO 9000:2000. See []  http://www.iso.ch/iso/en/iso9000
-
 []


Underfull \hbox (badness 2150) in paragraph at lines 52455--52465
 []/pplr8t/[Kernighan 1988] Kernighan, Brian W., and Den-nis M. Ritchie. 1988. 
[]  /pplri8t/The C
 []


Underfull \hbox (badness 4120) in paragraph at lines 52512--52522
 []/pplr8t/[Kiriansky 2002] Kiri-an-sky, Vladimir, Derek Bru-en-ing, Saman Ama-
ras-inghe.
 []


Underfull \hbox (badness 10000) in paragraph at lines 52512--52522
 /pplr8t/"Se-cure Ex-e-cu-tion Via Pro-gram Shep-herd-ing". Pro-ceed-ings of th
e 11th
 []


Underfull \hbox (badness 10000) in paragraph at lines 52512--52522
 /pplr8t/USENIX Se-cu-rity Sym-po-sium, San Fran-cisco, Cal-i-for-nia, Au-gust 
2002.
 []


Underfull \hbox (badness 10000) in paragraph at lines 52562--52571
 []/pplr8t/[Kuchling 2000]. Kuch-ling, A.M. 2000. Re-stricted Ex-e-cu-tion HOWT
O.
 []


Underfull \hbox (badness 10000) in paragraph at lines 52696--52711
 []/pplr8t/[McKusick 1999] McKu-sick, Mar-shall Kirk. Jan-uary 1999.
 []


Underfull \hbox (badness 10000) in paragraph at lines 52696--52711
 /pplr8t/``Twenty Years of Berke-ley Unix: From AT&T-Owned to Freely
 []


Underfull \hbox (badness 10000) in paragraph at lines 52696--52711
 /pplr8t/Re-dis-tributable.'' []  /pplri8t/Open Sources: Voices from the Open S
ource Rev-o-lu-tion/pplr8t/.
 []


Underfull \hbox (badness 10000) in paragraph at lines 52727--52737
 []/pplr8t/[McGraw 1999] Mc-Graw, Gary, and Ed-ward W. Fel-ten. De-cem-ber
 []


Underfull \hbox (badness 10000) in paragraph at lines 52727--52737
 /pplr8t/1998. Twelve Rules for de-vel-op-ing more se-cure Java code. Java-worl
d.
 []


Underfull \hbox (badness 10000) in paragraph at lines 52780--52789
 []/pplr8t/[McGraw 2000a] Mc-Graw, Gary and John Viega. March 1, 2000. Make
 []


Underfull \hbox (badness 10000) in paragraph at lines 52780--52789
 /pplr8t/Your Soft-ware Be-have: Learn-ing the Ba-sics of Buffer Over-flows.
 []

[166.0.9]
Underfull \hbox (badness 1596) in paragraph at lines 52805--52816
 []/pplr8t/[McGraw 2000b] Mc-Graw, Gary and John Viega. April 18, 2000. Make Yo
ur
 []


Underfull \hbox (badness 2680) in paragraph at lines 52832--52844
 []/pplr8t/[Miller 1995] Miller, Bar-ton P., David Koski, Cjin Pheow Lee, Vivek
ananda
 []


Underfull \hbox (badness 7740) in paragraph at lines 52832--52844
 /pplr8t/Ma-g-a-nty, Ravi Murthy, Ajitku-mar Natara-jan, and Jeff Steidl. 1995.
 Fuzz
 []


Underfull \hbox (badness 10000) in paragraph at lines 52860--52879
 []/pplr8t/[Miller 1999] Miller, Todd C. and Theo de Raadt. ``strl-cpy and strl
-cat
 []


Underfull \hbox (badness 10000) in paragraph at lines 52860--52879
 /pplr8t/-- Con-sis-tent, Safe, String Copy and Con-cate-na-tion'' []  /pplri8t
/Pro-ceed-ings of
 []


Underfull \hbox (badness 10000) in paragraph at lines 52860--52879
 /pplri8t/Usenix '99/pplr8t/. []  http://www.usenix.org/events/usenix99/millert
.html and
 []


Underfull \hbox (badness 4582) in paragraph at lines 52895--52903
 []/pplr8t/[Mookhey 2002] Mookhey, K. K. The Unix Au-di-tor's Prac-ti-cal Hand-
book.
 []


Underfull \hbox (badness 7433) in paragraph at lines 52919--52928
 /pplr8t/April 1998 The Mo-tor In-dus-try Soft-ware Re-li-a-bil-ity As-so-ci-a-
tion (MISRA)
 []


Underfull \hbox (badness 4660) in paragraph at lines 52974--52985
 /pplr8t/and Tech-ni-cal Overview IBM In-ter-na-tional Tech-ni-cal Sup-port Or-
ga-ni-za-tion.
 []


Underfull \hbox (badness 10000) in paragraph at lines 53001--53008
 []/pplr8t/[NCSA] NCSA Se-cure Pro-gram-ming Guide-lines.
 []


Underfull \hbox (badness 10000) in paragraph at lines 53101--53114
 []/pplr8t/[OSI 1999] Open Source Ini-tia-tive. 1999. []  /pplri8t/The Open Sou
rce Def-i-ni-tion/pplr8t/.
 []


Underfull \hbox (badness 10000) in paragraph at lines 53151--53161
 /pplr8t/In-sti-tute, CMU/SEI-93-TR-24. DTIC Num-ber ADA263403, Febru-ary 1993.

 []


Underfull \hbox (badness 10000) in paragraph at lines 53247--53260
 []/pplr8t/[Phillips 1995] Phillips, Paul. Septem-ber 3, 1995. []  /pplri8t/Saf
e CGI Pro-gram-ming/pplr8t/.
 []

[167.0.9]
Underfull \hbox (badness 10000) in paragraph at lines 53276--53285
 []/pplr8t/[Quintero 1999] Quin-tero, Fed-erico Mena, Miguel de Icaza,
 []


Underfull \hbox (badness 10000) in paragraph at lines 53276--53285
 /pplr8t/and Morten Welin-der GNOME Pro-gram-ming Guide-lines
 []


Underfull \hbox (badness 10000) in paragraph at lines 53301--53314
 []/pplr8t/[Raymond 1997] Ray-mond, Eric. 1997. []  /pplri8t/The Cathe-dral and
 the Bazaar/pplr8t/.
 []


Underfull \hbox (badness 10000) in paragraph at lines 53330--53343
 []/pplr8t/[Raymond 1998] Ray-mond, Eric. April 1998. []  /pplri8t/Home-steadin
g the Noo-sphere/pplr8t/.
 []


Underfull \hbox (badness 10000) in paragraph at lines 53418--53439
 /pplr8t/55, Ar-ti-cle 07. []  http://www.phrack.com/search.phtml?view&article=
p55-7 or
 []


Underfull \hbox (badness 1194) in paragraph at lines 53455--53463
 []/pplr8t/[Rijmen 2000] Ri-j-men, Vin-cent. "Lin-uxSe-cu-rity.com Speaks With 
AES Win-ner".
 []


Underfull \hbox (badness 2050) in paragraph at lines 53503--53516
 /pplr8t/ex-posed? Build safer ap-pli-ca-tions now to avoid trou-ble later'' []
  http://www-
 []


Underfull \hbox (badness 10000) in paragraph at lines 53532--53546
 []/pplr8t/[St. Lau-rent 2000] St. Lau-rent, Si-mon. Febru-ary 2000.
 []


Underfull \hbox (badness 10000) in paragraph at lines 53532--53546
 []  /pplri8t/XTech 2000 Con-fer-ence Re-ports/pplr8t/. ``When XML Gets Ugly''.

 []


Underfull \hbox (badness 5245) in paragraph at lines 53670--53685
 []/pplr8t/[Schneier 1998] Schneier, Bruce and Mudge. Novem-ber 1998. []  /pplr
i8t/Crypt-anal-y-sis
 []


Underfull \hbox (badness 2932) in paragraph at lines 53670--53685
 /pplri8t/of Mi-crosoft's Point-to-Point Tun-nel-ing Pro-to-col (PPTP) /pplr8t/
Pro-ceed-ings of the 5th
 []


Underfull \hbox (badness 3803) in paragraph at lines 53670--53685
 /pplr8t/ACM Con-fer-ence on Com-mu-ni-ca-tions and Com-puter Se-cu-rity, ACM P
ress.
 []


Underfull \hbox (badness 10000) in paragraph at lines 53701--53716
 []/pplr8t/[Schneier 1999] Schneier, Bruce. Septem-ber 15, 1999. ``Open Source
 []


Underfull \hbox (badness 10000) in paragraph at lines 53701--53716
 /pplr8t/and Se-cu-rity''. []  /pplri8t/Crypto-Gram/pplr8t/. Coun-ter-pane In-t
er-net Se-cu-rity, Inc.
 []


Underfull \hbox (badness 10000) in paragraph at lines 53761--53770
 []/pplr8t/[Seifried 2001] Seifried, Kurt. Septem-ber 2, 2001. WWW Au-then-ti-c
a-tion
 []

[168.0.9]
Underfull \hbox (badness 10000) in paragraph at lines 53865--53884
 []/pplr8t/[Sitaker 1999] Sitaker, Kra-gen. Feb 26, 1999. []  /pplri8t/How to F
ind Se-cu-rity
 []


Underfull \hbox (badness 10000) in paragraph at lines 53865--53884
 /pplri8t/Holes []  /pplr8t/http://www.pobox.com/~kragen/security-holes.html an
d
 []


Underfull \hbox (badness 3009) in paragraph at lines 53900--53915
 []/pplr8t/[SSE-CMM 1999] SSE-CMM Project. April 1999. []  /pplri8t/Sys-tems Se
-cu-rity En-gi-neer-ing
 []


Underfull \hbox (badness 10000) in paragraph at lines 54007--54018
 []/pplr8t/[Swanson 1996] Swan-son, Mar-i-anne, and Bar-bara Guttman. Septem-be
r
 []


Underfull \hbox (badness 3646) in paragraph at lines 54007--54018
 /pplr8t/1996. Gen-er-ally Ac-cepted Prin-ci-ples and Prac-tices for Se-cur-ing
 In-for-ma-tion
 []


Underfull \hbox (badness 1168) in paragraph at lines 54007--54018
 /pplr8t/Tech-nol-ogy Sys-tems. NIST Com-puter Se-cu-rity Spe-cial Pub-li-ca-ti
on (SP) 800-14.
 []


Underfull \hbox (badness 4967) in paragraph at lines 54034--54044
 []/pplr8t/[Thompson 1974] Thomp-son, K. and D.M. Richie. July 1974. ``The UNIX

 []


Underfull \hbox (badness 1072) in paragraph at lines 54060--54077
 []  /pplri8t/Open Sources: Voices from the Open Source Rev-o-lu-tion/pplr8t/. 
Edited by Chris Di-bona,
 []


Underfull \hbox (badness 3623) in paragraph at lines 54060--54077
 /pplr8t/Mark Stone, and Sam Ock-man. O'Reilly and As-so-ciates. ISBN 156592582
3.
 []


Underfull \hbox (badness 10000) in paragraph at lines 54093--54102
 []/pplr8t/[TruSecure 2001] TruSe-cure. Au-gust 2001. Open Source Se-cu-rity:
 []


Underfull \hbox (badness 10000) in paragraph at lines 54093--54102
 /pplr8t/A Look at the Se-cu-rity Ben-e-fits of Source Code Ac-cess.
 []


Underfull \hbox (badness 10000) in paragraph at lines 54145--54153
 []/pplr8t/[Van Bies-brouck 1996] Van Bies-brouck, Michael. April 19, 1996.
 []


Underfull \hbox (badness 2376) in paragraph at lines 54190--54199
 []/pplr8t/[Venema 1996] Ven-ema, Wi-etse. 1996. Mur-phy's law and com-puter se
-cu-rity.
 []


Underfull \hbox (badness 1158) in paragraph at lines 54215--54220
 []/pplr8t/[Viega 2002] Viega, John, and Gary Mc-Graw. 2002. Build-ing Se-cure 
Soft-ware.
 []

[169.0.9]
Underfull \hbox (badness 10000) in paragraph at lines 54388--54400
 []/pplr8t/[Zalewski 2001] Za-lewski, Michael. May 16-17, 2001. De-liv-er-ing
 []


Underfull \hbox (badness 10000) in paragraph at lines 54388--54400
 /pplr8t/Sig-nals for Fun and Profit: Un-der-stand-ing, ex-ploit-ing and pre-ve
nt-ing
 []


Underfull \hbox (badness 10000) in paragraph at lines 54388--54400
 /pplr8t/signal-handling re-lated vul-ner-a-bil-i-ties. Bind-view Cor-po-ra-tio
n.
 []

[170.0.9]
Underfull \hbox (badness 10000) in paragraph at lines 54953--54953
 [][]/pplr8t/http://www.sunworld.com/sunworldonline/swol-08-1998/swol-08-
 []


Overfull \hbox (24.1063pt too wide) in paragraph at lines 55058--55058
 [][]/pplr8t/http://www.iso.ch/iso/en/iso9000-14000/iso9000/selection_use/iso90
00family.html 
 []


Overfull \hbox (68.14511pt too wide) in paragraph at lines 55253--55253
 [][]/pplr8t/http://www-106.ibm.com/developerworks/library/randomsoft/index.htm
l?dwzone=security 
 []


Underfull \hbox (badness 10000) in paragraph at lines 55478--55478
 [][]/pplr8t/http://developer.gnome.org/doc/guides/programming-
 []

[171.0.9]
Underfull \hbox (badness 10000) in paragraph at lines 55598--55598
 [][]/pplr8t/http://www-106.ibm.com/developerworks/java/library/j-
 []


Overfull \hbox (10.20546pt too wide) in paragraph at lines 55853--55853
 [][]/pplr8t/http://www.trusecure.com/html/tspub/whitepapers/open_source_securi
ty5.pdf 
 []

[172.0.9]
Underfull \hbox (badness 4279) in paragraph at lines 56171--56178
 [][][]/pplr8t/Version 3.000 re-leased, adding a new sec-tion on de-ter-min-ing
 se-cu-rity
 []


Underfull \hbox (badness 2126) in paragraph at lines 56171--56178
 /pplr8t/re-quire-ments and a dis-cus-sion of the Com-mon Cri-te-ria, broad-en-
ing the
 []


Underfull \hbox (badness 1484) in paragraph at lines 56422--56423
 []/pplr8t/Note that a more de-tailed de-scrip-tion of changes is avail-able on
-line in the
 []

[173.0.9

] [174.0.9

]
Underfull \hbox (badness 1418) in paragraph at lines 56980--57004
 []/pplr8t/If you want to be on this list, please send me a con-struc-tive sug-
ges-tion at
 []


Underfull \hbox (badness 1377) in paragraph at lines 56980--57004
 /pplr8t/with more de-tailed ex-pla-na-tion of their com-ment in the ChangeLog 
for this
 []

[175.0.9] [176.0.9

] [177.0.9] [178.0.9] [179.0.9

]
Underfull \hbox (badness 1377) in paragraph at lines 58306--58360
 []/pplr8t/If you pub-lish or dis-tribute [][]Opaque[][] copies of the [][]Doc-
u-ment[][] num-ber-ing
 []


Underfull \hbox (badness 1675) in paragraph at lines 58306--58360
 /pplr8t/more than 100, you must ei-ther in-clude a machine-readable [][]Trans-
par-ent[][]
 []


Underfull \hbox (badness 3930) in paragraph at lines 58306--58360
 /pplr8t/a publicly-accessible computer-network lo-ca-tion con-tain-ing a com-p
lete [][]
 []

[180.0.9] [181.0.9] [182.0.9] [183.0.9] [184.0.9] [185.0.9

] [186.0.9

]
<dwheeler2003b.jpg, id=3979, 150.5625pt x 240.9pt>
File: dwheeler2003b.jpg Graphic file (type jpg)
 <use dwheeler2003b.jpg>
Underfull \hbox (badness 6063) in paragraph at lines 60298--60307
 /pplr8t/will make their soft-ware more se-cure. You can reach him by email at
 []

[187.0.9 </home/dwheeler/dwheeler.com/secure-class/dwheeler2003b.jpg>] [188.0.9

] (/home/dwheeler/dwheeler.com/secure-class/Secure-Programs-HOWTO.aux)

LaTeX Font Warning: Size substitutions with differences
(Font)              up to 1.0825pt have occurred.


LaTeX Warning: There were undefined references.

 ) 
Here is how much of TeX's memory you used:
 8206 strings out of 40499
 56882 string characters out of 588732
 161099 words of memory out of 1500001
 18268 multiletter control sequences out of 10000+50000
 67939 words of font info for 123 fonts, out of 400000 for 1000
 14 hyphenation exceptions out of 10000
 26i,12n,40p,286b,1819s stack positions out of 3000i,500n,3000p,50000b,5000s
</usr/share/texmf/fonts/type1/bluesky/cm/cmmi8.pfb></usr/share/texmf/fonts/ty
pe1/bluesky/cm/cmmi9.pfb></usr/share/texmf/fonts/type1/bluesky/cm/cmmi10.pfb>{/
usr/share/texmf/dvips/base/8r.enc}</usr/share/texmf/fonts/type1/urw/palatino/up
lri8a.pfb></usr/share/texmf/fonts/type1/urw/palatino/uplb8a.pfb></usr/share/tex
mf/fonts/type1/urw/palatino/uplr8a.pfb>
Output written on Secure-Programs-HOWTO.pdf (194 pages, 1112141 bytes).
