This file contains any messages produced by compilers while
running configure, to aid debugging if configure makes a mistake.

It was created by encodef configure 0.40, which was
generated by GNU Autoconf 2.68b.17-a7476.  Invocation command line was

  $ ./configure --no-create --no-recursion

## --------- ##
## Platform. ##
## --------- ##

hostname = DWHEELER2-LT
uname -m = i686
uname -r = 1.7.25(0.270/5/3)
uname -s = CYGWIN_NT-6.1-WOW64
uname -v = 2013-08-31 20:39

/usr/bin/uname -p = unknown
/bin/uname -X     = unknown

/bin/arch              = i686
/usr/bin/arch -k       = unknown
/usr/convex/getsysinfo = unknown
/usr/bin/hostinfo      = unknown
/bin/machine           = unknown
/usr/bin/oslevel       = unknown
/bin/universe          = unknown

PATH: /usr/local/bin
PATH: /usr/bin
PATH: /cygdrive/c/Windows/system32
PATH: /cygdrive/c/Windows
PATH: /cygdrive/c/Windows/System32/Wbem
PATH: /cygdrive/c/Windows/System32/WindowsPowerShell/v1.0
PATH: /cygdrive/c/Program Files/ActivIdentity/ActivClient
PATH: /cygdrive/c/Program Files (x86)/ActivIdentity/ActivClient
PATH: /cygdrive/c/Program Files (x86)/Common Files/Roxio Shared/DLLShared
PATH: /cygdrive/c/Program Files (x86)/Common Files/Roxio Shared/10.0/DLLShared
PATH: /cygdrive/c/Program Files (x86)/Pandoc/bin
PATH: /cygdrive/c/Program Files (x86)/Hyland/Web ActiveX
PATH: /cygdrive/c/Program Files/Symantec/Workspace Virtualization
PATH: /cygdrive/c/Program Files/Java/jdk1.7.0_25/bin
PATH: /cygdrive/c/Program Files (x86)/QuickTime/QTSystem
PATH: /cygdrive/c/Program Files (x86)/ZANTAZ/EAS Outlook Addin/bin
PATH: /cygdrive/c/Program Files/MKCL 1.1/bin
PATH: /usr/lib/lapack


## ----------- ##
## Core tests. ##
## ----------- ##

configure:2142: checking for a BSD-compatible install
configure:2210: result: /usr/bin/install -c
configure:2221: checking whether build environment is sane
configure:2276: result: yes
configure:2427: checking for a thread-safe mkdir -p
configure:2466: result: /usr/bin/mkdir -p
configure:2473: checking for gawk
configure:2489: found /usr/bin/gawk
configure:2500: result: gawk
configure:2511: checking whether make sets $(MAKE)
configure:2533: result: yes
configure:2562: checking whether make supports nested variables
configure:2579: result: yes
configure:2756: checking for gcc
configure:2772: found /usr/bin/gcc
configure:2783: result: gcc
configure:3012: checking for C compiler version
configure:3021: gcc --version >&5
gcc (GCC) 4.7.3
Copyright (C) 2012 Free Software Foundation, Inc.
This is free software; see the source for copying conditions.  There is NO
warranty; not even for MERCHANTABILITY or FITNESS FOR A PARTICULAR PURPOSE.

configure:3032: $? = 0
configure:3021: gcc -v >&5
Using built-in specs.
COLLECT_GCC=gcc
COLLECT_LTO_WRAPPER=/usr/lib/gcc/i686-pc-cygwin/4.7.3/lto-wrapper.exe
Target: i686-pc-cygwin
Configured with: /cygdrive/i/szsz/git/cygwin-ports-gcc/gcc-4.7.3-1/src/gcc-4.7.3/configure --srcdir=/cygdrive/i/szsz/git/cygwin-ports-gcc/gcc-4.7.3-1/src/gcc-4.7.3 --prefix=/usr --exec-prefix=/usr --bindir=/usr/bin --sbindir=/usr/sbin --libexecdir=/usr/lib --datadir=/usr/share --localstatedir=/var --sysconfdir=/etc --datarootdir=/usr/share --docdir=/usr/share/doc/gcc -C --build=i686-pc-cygwin --host=i686-pc-cygwin --target=i686-pc-cygwin --without-libiconv-prefix --without-libintl-prefix --enable-shared --enable-shared-libgcc --enable-static --enable-version-specific-runtime-libs --enable-bootstrap --disable-__cxa_atexit --with-dwarf2 --with-arch=i686 --with-tune=generic --disable-sjlj-exceptions --enable-languages=ada,c,c++,fortran,java,lto,objc,obj-c++ --enable-graphite --enable-threads=posix --enable-libgomp --disable-libitm --enable-libquadmath --enable-libquadmath-support --enable-libssp --enable-libada --enable-libjava --enable-libgcj-sublibs --disable-java-awt --disable-symvers --with-ecj-jar=/usr/share/java/ecj.jar --with-gnu-ld --with-gnu-as --with-cloog-include=/usr/include/cloog-ppl --with-system-zlib : (reconfigured) /cygdrive/i/szsz/git/cygwin-ports-gcc/gcc-4.7.3-1/src/gcc-4.7.3/configure --srcdir=/cygdrive/i/szsz/git/cygwin-ports-gcc/gcc-4.7.3-1/src/gcc-4.7.3 --prefix=/usr --exec-prefix=/usr --bindir=/usr/bin --sbindir=/usr/sbin --libexecdir=/usr/lib --datadir=/usr/share --localstatedir=/var --sysconfdir=/etc --datarootdir=/usr/share --docdir=/usr/share/doc/gcc -C --build=i686-pc-cygwin --host=i686-pc-cygwin --target=i686-pc-cygwin --without-libiconv-prefix --without-libintl-prefix --enable-shared --enable-shared-libgcc --enable-static --enable-version-specific-runtime-libs --enable-bootstrap --disable-__cxa_atexit --with-dwarf2 --with-arch=i686 --with-tune=generic --disable-sjlj-exceptions --enable-languages=ada,c,c++,fortran,java,lto,objc,obj-c++ --enable-graphite --enable-threads=posix --enable-libgomp --disable-libitm --enable-libquadmath --enable-libquadmath-support --enable-libssp --enable-libada --enable-libjava --enable-libgcj-sublibs --disable-java-awt --disable-symvers --with-ecj-jar=/usr/share/java/ecj.jar --with-gnu-ld --with-gnu-as --with-cloog-include=/usr/include/cloog-ppl --with-system-zlib
Thread model: posix
gcc version 4.7.3 (GCC) 
configure:3032: $? = 0
configure:3021: gcc -V >&5
gcc: error: unrecognized command line option '-V'
gcc: fatal error: no input files
compilation terminated.
configure:3032: $? = 1
configure:3021: gcc -qversion >&5
gcc: error: unrecognized command line option '-qversion'
gcc: fatal error: no input files
compilation terminated.
configure:3032: $? = 1
configure:3052: checking whether the C compiler works
configure:3074: gcc    conftest.c  >&5
configure:3078: $? = 0
configure:3126: result: yes
configure:3129: checking for C compiler default output file name
configure:3131: result: a.exe
configure:3137: checking for suffix of executables
configure:3144: gcc -o conftest.exe    conftest.c  >&5
configure:3148: $? = 0
configure:3170: result: .exe
configure:3192: checking whether we are cross compiling
configure:3200: gcc -o conftest.exe    conftest.c  >&5
configure:3204: $? = 0
configure:3211: ./conftest.exe
configure:3215: $? = 0
configure:3230: result: no
configure:3235: checking for suffix of object files
configure:3257: gcc -c   conftest.c >&5
configure:3261: $? = 0
configure:3282: result: o
configure:3286: checking whether we are using the GNU C compiler
configure:3305: gcc -c   conftest.c >&5
configure:3305: $? = 0
configure:3314: result: yes
configure:3323: checking whether gcc accepts -g
configure:3343: gcc -c -g  conftest.c >&5
configure:3343: $? = 0
configure:3384: result: yes
configure:3401: checking for gcc option to accept ISO C89
configure:3464: gcc  -c -g -O2  conftest.c >&5
configure:3464: $? = 0
configure:3477: result: none needed
configure:3502: checking whether gcc understands -c and -o together
configure:3524: gcc -c conftest.c -o conftest2.o
configure:3527: $? = 0
configure:3524: gcc -c conftest.c -o conftest2.o
configure:3527: $? = 0
configure:3539: result: yes
configure:3567: checking for style of include used by make
configure:3595: result: GNU
configure:3621: checking dependency style of gcc
configure:3732: result: gcc3
configure:3760: checking how to run the C preprocessor
configure:3791: gcc -E  conftest.c
configure:3791: $? = 0
configure:3805: gcc -E  conftest.c
conftest.c:11:28: fatal error: ac_nonexistent.h: No such file or directory
compilation terminated.
configure:3805: $? = 1
configure: failed program was:
| /* confdefs.h */
| #define PACKAGE_NAME "encodef"
| #define PACKAGE_TARNAME "encodef"
| #define PACKAGE_VERSION "0.40"
| #define PACKAGE_STRING "encodef 0.40"
| #define PACKAGE_BUGREPORT "dwheeler@dwheeler.com"
| #define PACKAGE_URL "https://sourceforge.net/projects/encodef/"
| #define PACKAGE "encodef"
| #define VERSION "0.40"
| /* end confdefs.h.  */
| #include <ac_nonexistent.h>
configure:3830: result: gcc -E
configure:3850: gcc -E  conftest.c
configure:3850: $? = 0
configure:3864: gcc -E  conftest.c
conftest.c:11:28: fatal error: ac_nonexistent.h: No such file or directory
compilation terminated.
configure:3864: $? = 1
configure: failed program was:
| /* confdefs.h */
| #define PACKAGE_NAME "encodef"
| #define PACKAGE_TARNAME "encodef"
| #define PACKAGE_VERSION "0.40"
| #define PACKAGE_STRING "encodef 0.40"
| #define PACKAGE_BUGREPORT "dwheeler@dwheeler.com"
| #define PACKAGE_URL "https://sourceforge.net/projects/encodef/"
| #define PACKAGE "encodef"
| #define VERSION "0.40"
| /* end confdefs.h.  */
| #include <ac_nonexistent.h>
configure:3893: checking for grep that handles long lines and -e
configure:3951: result: /usr/bin/grep
configure:3956: checking for egrep
configure:4018: result: /usr/bin/grep -E
configure:4023: checking for ANSI C header files
configure:4043: gcc -c -g -O2  conftest.c >&5
configure:4043: $? = 0
configure:4116: gcc -o conftest.exe -g -O2   conftest.c  >&5
configure:4116: $? = 0
configure:4116: ./conftest.exe
configure:4116: $? = 0
configure:4127: result: yes
configure:4140: checking for sys/types.h
configure:4140: gcc -c -g -O2  conftest.c >&5
configure:4140: $? = 0
configure:4140: result: yes
configure:4140: checking for sys/stat.h
configure:4140: gcc -c -g -O2  conftest.c >&5
configure:4140: $? = 0
configure:4140: result: yes
configure:4140: checking for stdlib.h
configure:4140: gcc -c -g -O2  conftest.c >&5
configure:4140: $? = 0
configure:4140: result: yes
configure:4140: checking for string.h
configure:4140: gcc -c -g -O2  conftest.c >&5
configure:4140: $? = 0
configure:4140: result: yes
configure:4140: checking for memory.h
configure:4140: gcc -c -g -O2  conftest.c >&5
configure:4140: $? = 0
configure:4140: result: yes
configure:4140: checking for strings.h
configure:4140: gcc -c -g -O2  conftest.c >&5
configure:4140: $? = 0
configure:4140: result: yes
configure:4140: checking for inttypes.h
configure:4140: gcc -c -g -O2  conftest.c >&5
configure:4140: $? = 0
configure:4140: result: yes
configure:4140: checking for stdint.h
configure:4140: gcc -c -g -O2  conftest.c >&5
configure:4140: $? = 0
configure:4140: result: yes
configure:4140: checking for unistd.h
configure:4140: gcc -c -g -O2  conftest.c >&5
configure:4140: $? = 0
configure:4140: result: yes
configure:4155: checking for stdlib.h
configure:4155: result: yes
configure:4155: checking for string.h
configure:4155: result: yes
configure:4167: checking for stdbool.h that conforms to C99
configure:4234: gcc -c -g -O2  conftest.c >&5
configure:4234: $? = 0
configure:4241: result: yes
configure:4243: checking for _Bool
configure:4243: gcc -c -g -O2  conftest.c >&5
configure:4243: $? = 0
configure:4243: gcc -c -g -O2  conftest.c >&5
conftest.c: In function 'main':
conftest.c:59:20: error: expected expression before ')' token
configure:4243: $? = 1
configure: failed program was:
| /* confdefs.h */
| #define PACKAGE_NAME "encodef"
| #define PACKAGE_TARNAME "encodef"
| #define PACKAGE_VERSION "0.40"
| #define PACKAGE_STRING "encodef 0.40"
| #define PACKAGE_BUGREPORT "dwheeler@dwheeler.com"
| #define PACKAGE_URL "https://sourceforge.net/projects/encodef/"
| #define PACKAGE "encodef"
| #define VERSION "0.40"
| #define STDC_HEADERS 1
| #define HAVE_SYS_TYPES_H 1
| #define HAVE_SYS_STAT_H 1
| #define HAVE_STDLIB_H 1
| #define HAVE_STRING_H 1
| #define HAVE_MEMORY_H 1
| #define HAVE_STRINGS_H 1
| #define HAVE_INTTYPES_H 1
| #define HAVE_STDINT_H 1
| #define HAVE_UNISTD_H 1
| #define HAVE_STDLIB_H 1
| #define HAVE_STRING_H 1
| /* end confdefs.h.  */
| #include <stdio.h>
| #ifdef HAVE_SYS_TYPES_H
| # include <sys/types.h>
| #endif
| #ifdef HAVE_SYS_STAT_H
| # include <sys/stat.h>
| #endif
| #ifdef STDC_HEADERS
| # include <stdlib.h>
| # include <stddef.h>
| #else
| # ifdef HAVE_STDLIB_H
| #  include <stdlib.h>
| # endif
| #endif
| #ifdef HAVE_STRING_H
| # if !defined STDC_HEADERS && defined HAVE_MEMORY_H
| #  include <memory.h>
| # endif
| # include <string.h>
| #endif
| #ifdef HAVE_STRINGS_H
| # include <strings.h>
| #endif
| #ifdef HAVE_INTTYPES_H
| # include <inttypes.h>
| #endif
| #ifdef HAVE_STDINT_H
| # include <stdint.h>
| #endif
| #ifdef HAVE_UNISTD_H
| # include <unistd.h>
| #endif
| int
| main ()
| {
| if (sizeof ((_Bool)))
| 	    return 0;
|   ;
|   return 0;
| }
configure:4243: result: yes
configure:4267: : CFLAGS="$CFLAGS "
configure:4270: $? = 0
configure:4285: checking CFLAGS for maximum warnings
configure:4305: gcc -c -g -O2  -warn all  -warn all  conftest.c >&5
gcc: error: unrecognized command line option '-warn'
gcc: error: all: No such file or directory
gcc: error: unrecognized command line option '-warn'
gcc: error: all: No such file or directory
configure:4305: $? = 1
configure: failed program was:
| /* confdefs.h */
| #define PACKAGE_NAME "encodef"
| #define PACKAGE_TARNAME "encodef"
| #define PACKAGE_VERSION "0.40"
| #define PACKAGE_STRING "encodef 0.40"
| #define PACKAGE_BUGREPORT "dwheeler@dwheeler.com"
| #define PACKAGE_URL "https://sourceforge.net/projects/encodef/"
| #define PACKAGE "encodef"
| #define VERSION "0.40"
| #define STDC_HEADERS 1
| #define HAVE_SYS_TYPES_H 1
| #define HAVE_SYS_STAT_H 1
| #define HAVE_STDLIB_H 1
| #define HAVE_STRING_H 1
| #define HAVE_MEMORY_H 1
| #define HAVE_STRINGS_H 1
| #define HAVE_INTTYPES_H 1
| #define HAVE_STDINT_H 1
| #define HAVE_UNISTD_H 1
| #define HAVE_STDLIB_H 1
| #define HAVE_STRING_H 1
| #define HAVE__BOOL 1
| /* end confdefs.h.  */
| 
| int
| main ()
| {
| 
|   ;
|   return 0;
| }
configure:4305: gcc -c -g -O2  -pedantic  -Wall  conftest.c >&5
configure:4305: $? = 0
configure:4313: result: -Wall
configure:4329: : CFLAGS="$CFLAGS $ac_cv_cflags_warn_all"
configure:4332: $? = 0
configure:4350: checking whether C compiler accepts 
configure:4369: gcc -c -g -O2  -Wall    conftest.c >&5
configure:4369: $? = 0
configure:4377: result: yes
configure:4389: checking whether C compiler accepts -Wextra
configure:4408: gcc -c -g -O2  -Wall  -Wextra  conftest.c >&5
configure:4408: $? = 0
configure:4417: result: yes
configure:4430: : CFLAGS="$CFLAGS $flag"
configure:4433: $? = 0
configure:4452: checking whether C compiler accepts -pedantic
configure:4471: gcc -c -g -O2  -Wall -Wextra  -pedantic  conftest.c >&5
configure:4471: $? = 0
configure:4480: result: yes
configure:4493: : CFLAGS="$CFLAGS $flag"
configure:4496: $? = 0
configure:4624: checking that generated files are newer than configure
configure:4630: result: done
configure:4653: creating ./config.status

## ---------------- ##
## Cache variables. ##
## ---------------- ##

ac_cv_c_compiler_gnu=yes
ac_cv_cflags_warn_all=-Wall
ac_cv_env_CC_set=
ac_cv_env_CC_value=
ac_cv_env_CFLAGS_set=
ac_cv_env_CFLAGS_value=
ac_cv_env_CPPFLAGS_set=
ac_cv_env_CPPFLAGS_value=
ac_cv_env_CPP_set=
ac_cv_env_CPP_value=
ac_cv_env_LDFLAGS_set=
ac_cv_env_LDFLAGS_value=
ac_cv_env_LIBS_set=
ac_cv_env_LIBS_value=
ac_cv_env_build_alias_set=
ac_cv_env_build_alias_value=
ac_cv_env_host_alias_set=
ac_cv_env_host_alias_value=
ac_cv_env_target_alias_set=
ac_cv_env_target_alias_value=
ac_cv_exeext=.exe
ac_cv_header_inttypes_h=yes
ac_cv_header_memory_h=yes
ac_cv_header_stdbool_h=yes
ac_cv_header_stdc=yes
ac_cv_header_stdint_h=yes
ac_cv_header_stdlib_h=yes
ac_cv_header_string_h=yes
ac_cv_header_strings_h=yes
ac_cv_header_sys_stat_h=yes
ac_cv_header_sys_types_h=yes
ac_cv_header_unistd_h=yes
ac_cv_objext=o
ac_cv_path_EGREP='/usr/bin/grep -E'
ac_cv_path_GREP=/usr/bin/grep
ac_cv_path_install='/usr/bin/install -c'
ac_cv_path_mkdir=/usr/bin/mkdir
ac_cv_prog_AWK=gawk
ac_cv_prog_CPP='gcc -E'
ac_cv_prog_ac_ct_CC=gcc
ac_cv_prog_cc_c89=
ac_cv_prog_cc_g=yes
ac_cv_prog_make_make_set=yes
ac_cv_type__Bool=yes
am_cv_CC_dependencies_compiler_type=gcc3
am_cv_make_support_nested_variables=yes
am_cv_prog_cc_c_o=yes
ax_cv_check_cflags__=yes
ax_cv_check_cflags___Wextra=yes
ax_cv_check_cflags___pedantic=yes

## ----------------- ##
## Output variables. ##
## ----------------- ##

ACLOCAL='${SHELL} /cygdrive/c/cygwin/home/dwheeler/dwheeler.com/encodef/build-aux/missing aclocal-1.14'
AMDEPBACKSLASH='\'
AMDEP_FALSE='#'
AMDEP_TRUE=''
AMTAR='$${TAR-tar}'
AM_BACKSLASH='\'
AM_DEFAULT_V='$(AM_DEFAULT_VERBOSITY)'
AM_DEFAULT_VERBOSITY='1'
AM_V='$(V)'
AUTOCONF='${SHELL} /cygdrive/c/cygwin/home/dwheeler/dwheeler.com/encodef/build-aux/missing autoconf'
AUTOHEADER='${SHELL} /cygdrive/c/cygwin/home/dwheeler/dwheeler.com/encodef/build-aux/missing autoheader'
AUTOMAKE='${SHELL} /cygdrive/c/cygwin/home/dwheeler/dwheeler.com/encodef/build-aux/missing automake-1.14'
AWK='gawk'
CC='gcc'
CCDEPMODE='depmode=gcc3'
CFLAGS='-g -O2  -Wall -Wextra -pedantic'
CPP='gcc -E'
CPPFLAGS=''
CYGPATH_W='cygpath -w'
DEFS='-DHAVE_CONFIG_H'
DEPDIR='.deps'
ECHO_C=''
ECHO_N='-n'
ECHO_T=''
EGREP='/usr/bin/grep -E'
EXEEXT='.exe'
GREP='/usr/bin/grep'
INSTALL_DATA='${INSTALL} -m 644'
INSTALL_PROGRAM='${INSTALL}'
INSTALL_SCRIPT='${INSTALL}'
INSTALL_STRIP_PROGRAM='$(install_sh) -c -s'
LDFLAGS=''
LIBOBJS=''
LIBS=''
LTLIBOBJS=''
MAKEINFO='${SHELL} /cygdrive/c/cygwin/home/dwheeler/dwheeler.com/encodef/build-aux/missing makeinfo'
MKDIR_P='/usr/bin/mkdir -p'
OBJEXT='o'
PACKAGE='encodef'
PACKAGE_BUGREPORT='dwheeler@dwheeler.com'
PACKAGE_NAME='encodef'
PACKAGE_STRING='encodef 0.40'
PACKAGE_TARNAME='encodef'
PACKAGE_URL='https://sourceforge.net/projects/encodef/'
PACKAGE_VERSION='0.40'
PATH_SEPARATOR=':'
SET_MAKE=''
SHELL='/bin/sh'
STRIP=''
VERSION='0.40'
ac_ct_CC='gcc'
am__EXEEXT_FALSE='#'
am__EXEEXT_TRUE=''
am__fastdepCC_FALSE='#'
am__fastdepCC_TRUE=''
am__include='include'
am__isrc=''
am__leading_dot='.'
am__nodep='_no'
am__quote=''
am__tar='$${TAR-tar} chof - "$$tardir"'
am__untar='$${TAR-tar} xf -'
bindir='${exec_prefix}/bin'
build_alias=''
datadir='${datarootdir}'
datarootdir='${prefix}/share'
docdir='${datarootdir}/doc/${PACKAGE_TARNAME}'
dvidir='${docdir}'
exec_prefix='${prefix}'
host_alias=''
htmldir='${docdir}'
includedir='${prefix}/include'
infodir='${datarootdir}/info'
install_sh='${SHELL} /cygdrive/c/cygwin/home/dwheeler/dwheeler.com/encodef/build-aux/install-sh'
libdir='${exec_prefix}/lib'
libexecdir='${exec_prefix}/libexec'
localedir='${datarootdir}/locale'
localstatedir='${prefix}/var'
mandir='${datarootdir}/man'
mkdir_p='$(MKDIR_P)'
oldincludedir='/usr/include'
pdfdir='${docdir}'
prefix='/usr/local'
program_transform_name='s,x,x,'
psdir='${docdir}'
sbindir='${exec_prefix}/sbin'
sharedstatedir='${prefix}/com'
sysconfdir='${prefix}/etc'
target_alias=''

## ----------- ##
## confdefs.h. ##
## ----------- ##

/* confdefs.h */
#define PACKAGE_NAME "encodef"
#define PACKAGE_TARNAME "encodef"
#define PACKAGE_VERSION "0.40"
#define PACKAGE_STRING "encodef 0.40"
#define PACKAGE_BUGREPORT "dwheeler@dwheeler.com"
#define PACKAGE_URL "https://sourceforge.net/projects/encodef/"
#define PACKAGE "encodef"
#define VERSION "0.40"
#define STDC_HEADERS 1
#define HAVE_SYS_TYPES_H 1
#define HAVE_SYS_STAT_H 1
#define HAVE_STDLIB_H 1
#define HAVE_STRING_H 1
#define HAVE_MEMORY_H 1
#define HAVE_STRINGS_H 1
#define HAVE_INTTYPES_H 1
#define HAVE_STDINT_H 1
#define HAVE_UNISTD_H 1
#define HAVE_STDLIB_H 1
#define HAVE_STRING_H 1
#define HAVE__BOOL 1

configure: exit 0

## ---------------------- ##
## Running config.status. ##
## ---------------------- ##

This file was extended by encodef config.status 0.40, which was
generated by GNU Autoconf 2.68b.17-a7476.  Invocation command line was

  CONFIG_FILES    = 
  CONFIG_HEADERS  = 
  CONFIG_LINKS    = 
  CONFIG_COMMANDS = 
  $ ./config.status 

on DWHEELER2-LT

config.status:856: creating Makefile
config.status:856: creating config.h
config.status:1085: executing depfiles commands

## ---------------------- ##
## Running config.status. ##
## ---------------------- ##

This file was extended by encodef config.status 0.40, which was
generated by GNU Autoconf 2.68b.17-a7476.  Invocation command line was

  CONFIG_FILES    = 
  CONFIG_HEADERS  = 
  CONFIG_LINKS    = 
  CONFIG_COMMANDS = 
  $ ./config.status config.h

on DWHEELER2-LT

config.status:856: creating config.h
config.status:1037: config.h is unchanged

## ---------------------- ##
## Running config.status. ##
## ---------------------- ##

This file was extended by encodef config.status 0.40, which was
generated by GNU Autoconf 2.68b.17-a7476.  Invocation command line was

  CONFIG_FILES    = 
  CONFIG_HEADERS  = 
  CONFIG_LINKS    = 
  CONFIG_COMMANDS = 
  $ ./config.status Makefile depfiles

on DWHEELER2-LT

config.status:856: creating Makefile
config.status:1085: executing depfiles commands

## ---------------------- ##
## Running config.status. ##
## ---------------------- ##

This file was extended by encodef config.status 0.40, which was
generated by GNU Autoconf 2.68b.17-a7476.  Invocation command line was

  CONFIG_FILES    = 
  CONFIG_HEADERS  = 
  CONFIG_LINKS    = 
  CONFIG_COMMANDS = 
  $ ./config.status Makefile depfiles

on DWHEELER2-LT

config.status:856: creating Makefile
config.status:1085: executing depfiles commands

## ---------------------- ##
## Running config.status. ##
## ---------------------- ##

This file was extended by encodef config.status 0.40, which was
generated by GNU Autoconf 2.68b.17-a7476.  Invocation command line was

  CONFIG_FILES    = 
  CONFIG_HEADERS  = 
  CONFIG_LINKS    = 
  CONFIG_COMMANDS = 
  $ ./config.status Makefile depfiles

on DWHEELER2-LT

config.status:856: creating Makefile
config.status:1085: executing depfiles commands
