============================== Prover9 ===============================
Prover9 (32) version Aug-2007, Aug 2007.
Process 2747 was started by dwheeler on dwheeler2-pc.itsd.ida.org,
Mon Oct 29 11:17:57 2007
The command was "prover9 -t 60 -f all-repeats.in".
============================== end of head ===========================

============================== INPUT =================================

% Reading from file all-repeats.in

set(prolog_style_variables).
set(restrict_denials).

formulas(assumptions).
exactly_correspond(cP,sP,lsP,eA) # label(cP_corresponds_to_sP).
deterministic(Source,Language) & portable(Source,Language) & exactly_correspond(Executable1,Source,Language,Environment1) & exactly_correspond(Executable2,Source,Language,Environment2) -> converttext(run(Executable1,Input,EnvEffects1,Environment1),Environment1,Target) = converttext(run(Executable2,Input,EnvEffects2,Environment2),Environment2,Target) # label(define_determinism).
deterministic(sP,lsP) # label(sP_deterministic).
portable(sP,lsP) # label(sP_portable).
compile(Source,Compiler,EnvEffects,RunOn,Target) = extract(converttext(run(Compiler,retarget(Source,Target),EnvEffects,RunOn),RunOn,Target)) # label(define_compile).
stage1 = compile(sP,cT,e1effects,e1,e2) # label(definition_stage1).
stage2 = compile(sA,stage1,e2effects,e2,eArun) # label(definition_stage2).
cA = compile(sA,cP,eAeffects,eA,eArun) # label(definition_cA).
accurately_translates(Compiler,Lang,Source,EnvEffects,ExecEnv,TargetEnv) -> exactly_correspond(compile(Source,Compiler,EnvEffects,ExecEnv,TargetEnv),Source,Lang,TargetEnv) # label(define_exactly_correspond).
(all EnvEffects accurately_translates(cT,lsP,sP,EnvEffects,e1,e2)) # label(cT_compiles_sP).
end_of_list.

formulas(goals).
cA = stage2 # label(always_equal).
end_of_list.

============================== end of input ==========================

% From the command line: assign(max_seconds, 60).

============================== PROCESS NON-CLAUSAL FORMULAS ==========

% Formulas that are not ordinary clauses:
1 deterministic(Source,Language) & portable(Source,Language) & exactly_correspond(Executable1,Source,Language,Environment1) & exactly_correspond(Executable2,Source,Language,Environment2) -> converttext(run(Executable1,Input,EnvEffects1,Environment1),Environment1,Target) = converttext(run(Executable2,Input,EnvEffects2,Environment2),Environment2,Target) # label(define_determinism) # label(non_clause).  [assumption].
2 accurately_translates(Compiler,Lang,Source,EnvEffects,ExecEnv,TargetEnv) -> exactly_correspond(compile(Source,Compiler,EnvEffects,ExecEnv,TargetEnv),Source,Lang,TargetEnv) # label(define_exactly_correspond) # label(non_clause).  [assumption].
3 (all EnvEffects accurately_translates(cT,lsP,sP,EnvEffects,e1,e2)) # label(cT_compiles_sP) # label(non_clause).  [assumption].
4 cA = stage2 # label(always_equal) # label(non_clause) # label(goal).  [goal].

============================== end of process non-clausal formulas ===

============================== PROCESS INITIAL CLAUSES ===============

% Clauses before input processing:

formulas(usable).
end_of_list.

formulas(sos).
exactly_correspond(cP,sP,lsP,eA) # label(cP_corresponds_to_sP).  [assumption].
-deterministic(A,B) | -portable(A,B) | -exactly_correspond(C,A,B,D) | -exactly_correspond(E,A,B,F) | converttext(run(E,V6,V7,F),F,V8) = converttext(run(C,V6,V9,D),D,V8) # label(define_determinism).  [clausify(1)].
deterministic(sP,lsP) # label(sP_deterministic).  [assumption].
portable(sP,lsP) # label(sP_portable).  [assumption].
compile(A,B,C,D,E) = extract(converttext(run(B,retarget(A,E),C,D),D,E)) # label(define_compile).  [assumption].
stage1 = compile(sP,cT,e1effects,e1,e2) # label(definition_stage1).  [assumption].
stage2 = compile(sA,stage1,e2effects,e2,eArun) # label(definition_stage2).  [assumption].
cA = compile(sA,cP,eAeffects,eA,eArun) # label(definition_cA).  [assumption].
-accurately_translates(A,B,C,D,E,F) | exactly_correspond(compile(C,A,D,E,F),C,B,F) # label(define_exactly_correspond).  [clausify(2)].
accurately_translates(cT,lsP,sP,A,e1,e2) # label(cT_compiles_sP).  [clausify(3)].
cA != stage2 # label(always_equal).  [deny(4)].
end_of_list.

formulas(demodulators).
end_of_list.

============================== PREDICATE ELIMINATION =================

Eliminating deterministic/2
5 deterministic(sP,lsP) # label(sP_deterministic).  [assumption].
6 -deterministic(A,B) | -portable(A,B) | -exactly_correspond(C,A,B,D) | -exactly_correspond(E,A,B,F) | converttext(run(E,V6,V7,F),F,V8) = converttext(run(C,V6,V9,D),D,V8) # label(define_determinism).  [clausify(1)].
Derived: -portable(sP,lsP) | -exactly_correspond(A,sP,lsP,B) | -exactly_correspond(C,sP,lsP,D) | converttext(run(C,E,F,D),D,V6) = converttext(run(A,E,V7,B),B,V6).  [resolve(5,a,6,a)].

Eliminating accurately_translates/6
7 accurately_translates(cT,lsP,sP,A,e1,e2) # label(cT_compiles_sP).  [clausify(3)].
8 -accurately_translates(A,B,C,D,E,F) | exactly_correspond(compile(C,A,D,E,F),C,B,F) # label(define_exactly_correspond).  [clausify(2)].
Derived: exactly_correspond(compile(sP,cT,A,e1,e2),sP,lsP,e2).  [resolve(7,a,8,a)].

============================== end predicate elimination =============

Auto_denials:
  % copying label always_equal to answer in negative clause

Term ordering decisions:
Predicate symbol precedence:  predicate_order([ =, portable, exactly_correspond ]).
Function symbol precedence:  function_order([ sP, lsP, e2, cP, cT, e1, eA, eArun, sA, stage1, cA, e1effects, e2effects, eAeffects, stage2, retarget, extract, converttext, run, compile ]).
After inverse_order:  (no changes).
Unfolding symbols: compile/5 cA/0 stage2/0.

Auto_inference settings:
  % set(paramodulation).  % (positive equality literals)
    % set(paramodulation) -> set(back_demod).
  % set(hyper_resolution).  % (nonunit Horn with equality)
    % set(hyper_resolution) -> set(pos_hyper_resolution).
  % set(neg_ur_resolution).  % (nonunit Horn with equality)
  % assign(para_lit_limit, 4).  % (nonunit Horn with equality)

Auto_process settings:  (no changes).

restricted denial: (wt=23): 19 extract(converttext(run(stage1,retarget(sA,eArun),e2effects,e2),e2,eArun)) != extract(converttext(run(cP,retarget(sA,eArun),eAeffects,eA),eA,eArun)) # answer(always_equal).  [copy(18),rewrite([17(1),15(12)]),flip(a)].

============================== end of process initial clauses ========

============================== CLAUSES FOR SEARCH ====================

% Clauses after input processing:

formulas(usable).
19 extract(converttext(run(stage1,retarget(sA,eArun),e2effects,e2),e2,eArun)) != extract(converttext(run(cP,retarget(sA,eArun),eAeffects,eA),eA,eArun)) # answer(always_equal).  [copy(18),rewrite([17(1),15(12)]),flip(a)].
end_of_list.

formulas(sos).
9 exactly_correspond(cP,sP,lsP,eA) # label(cP_corresponds_to_sP).  [assumption].
10 portable(sP,lsP) # label(sP_portable).  [assumption].
11 compile(A,B,C,D,E) = extract(converttext(run(B,retarget(A,E),C,D),D,E)) # label(define_compile).  [assumption].
13 extract(converttext(run(cT,retarget(sP,e2),e1effects,e1),e1,e2)) = stage1.  [copy(12),rewrite([11(7)]),flip(a)].
15 stage2 = extract(converttext(run(stage1,retarget(sA,eArun),e2effects,e2),e2,eArun)).  [copy(14),rewrite([11(7)])].
17 cA = extract(converttext(run(cP,retarget(sA,eArun),eAeffects,eA),eA,eArun)).  [copy(16),rewrite([11(7)])].
20 -portable(sP,lsP) | -exactly_correspond(A,sP,lsP,B) | -exactly_correspond(C,sP,lsP,D) | converttext(run(C,E,F,D),D,V6) = converttext(run(A,E,V7,B),B,V6).  [resolve(5,a,6,a)].
22 exactly_correspond(extract(converttext(run(cT,retarget(sP,e2),A,e1),e1,e2)),sP,lsP,e2).  [copy(21),rewrite([11(5)])].
end_of_list.

formulas(demodulators).
11 compile(A,B,C,D,E) = extract(converttext(run(B,retarget(A,E),C,D),D,E)) # label(define_compile).  [assumption].
13 extract(converttext(run(cT,retarget(sP,e2),e1effects,e1),e1,e2)) = stage1.  [copy(12),rewrite([11(7)]),flip(a)].
15 stage2 = extract(converttext(run(stage1,retarget(sA,eArun),e2effects,e2),e2,eArun)).  [copy(14),rewrite([11(7)])].
17 cA = extract(converttext(run(cP,retarget(sA,eArun),eAeffects,eA),eA,eArun)).  [copy(16),rewrite([11(7)])].
end_of_list.

============================== end of clauses for search =============

============================== SEARCH ================================

% Starting search at 0.00 seconds.

given #1 (I,wt=5): 9 exactly_correspond(cP,sP,lsP,eA) # label(cP_corresponds_to_sP).  [assumption].

given #2 (I,wt=3): 10 portable(sP,lsP) # label(sP_portable).  [assumption].

given #3 (I,wt=18): 11 compile(A,B,C,D,E) = extract(converttext(run(B,retarget(A,E),C,D),D,E)) # label(define_compile).  [assumption].

given #4 (I,wt=13): 13 extract(converttext(run(cT,retarget(sP,e2),e1effects,e1),e1,e2)) = stage1.  [copy(12),rewrite([11(7)]),flip(a)].

given #5 (I,wt=13): 15 stage2 = extract(converttext(run(stage1,retarget(sA,eArun),e2effects,e2),e2,eArun)).  [copy(14),rewrite([11(7)])].

given #6 (I,wt=13): 17 cA = extract(converttext(run(cP,retarget(sA,eArun),eAeffects,eA),eA,eArun)).  [copy(16),rewrite([11(7)])].

given #7 (I,wt=30): 20 -portable(sP,lsP) | -exactly_correspond(A,sP,lsP,B) | -exactly_correspond(C,sP,lsP,D) | converttext(run(C,E,F,D),D,V6) = converttext(run(A,E,V7,B),B,V6).  [resolve(5,a,6,a)].

given #8 (I,wt=15): 22 exactly_correspond(extract(converttext(run(cT,retarget(sP,e2),A,e1),e1,e2)),sP,lsP,e2).  [copy(21),rewrite([11(5)])].

given #9 (A,wt=17): 23 converttext(run(cP,A,B,eA),eA,C) = converttext(run(cP,A,D,eA),eA,C).  [hyper(20,a,10,a,b,9,a,c,9,a)].

given #10 (T,wt=5): 26 exactly_correspond(stage1,sP,lsP,e2).  [para(13(a,1),22(a,1))].

given #11 (T,wt=17): 28 converttext(run(stage1,A,B,e2),e2,C) = converttext(run(stage1,A,D,e2),e2,C).  [hyper(20,a,10,a,b,26,a,c,26,a)].

given #12 (T,wt=17): 30 converttext(run(stage1,A,B,e2),e2,C) = converttext(run(cP,A,D,eA),eA,C).  [hyper(20,a,10,a,b,9,a,c,26,a)].

============================== PROOF =================================

% Proof 1 at 0.00 (+ 0.00) seconds: always_equal.
% Length of proof is 26.
% Level of proof is 7.
% Maximum clause weight is 30.
% Given clauses 12.

1 deterministic(Source,Language) & portable(Source,Language) & exactly_correspond(Executable1,Source,Language,Environment1) & exactly_correspond(Executable2,Source,Language,Environment2) -> converttext(run(Executable1,Input,EnvEffects1,Environment1),Environment1,Target) = converttext(run(Executable2,Input,EnvEffects2,Environment2),Environment2,Target) # label(define_determinism) # label(non_clause).  [assumption].
2 accurately_translates(Compiler,Lang,Source,EnvEffects,ExecEnv,TargetEnv) -> exactly_correspond(compile(Source,Compiler,EnvEffects,ExecEnv,TargetEnv),Source,Lang,TargetEnv) # label(define_exactly_correspond) # label(non_clause).  [assumption].
3 (all EnvEffects accurately_translates(cT,lsP,sP,EnvEffects,e1,e2)) # label(cT_compiles_sP) # label(non_clause).  [assumption].
4 cA = stage2 # label(always_equal) # label(non_clause) # label(goal).  [goal].
5 deterministic(sP,lsP) # label(sP_deterministic).  [assumption].
6 -deterministic(A,B) | -portable(A,B) | -exactly_correspond(C,A,B,D) | -exactly_correspond(E,A,B,F) | converttext(run(E,V6,V7,F),F,V8) = converttext(run(C,V6,V9,D),D,V8) # label(define_determinism).  [clausify(1)].
7 accurately_translates(cT,lsP,sP,A,e1,e2) # label(cT_compiles_sP).  [clausify(3)].
8 -accurately_translates(A,B,C,D,E,F) | exactly_correspond(compile(C,A,D,E,F),C,B,F) # label(define_exactly_correspond).  [clausify(2)].
9 exactly_correspond(cP,sP,lsP,eA) # label(cP_corresponds_to_sP).  [assumption].
10 portable(sP,lsP) # label(sP_portable).  [assumption].
11 compile(A,B,C,D,E) = extract(converttext(run(B,retarget(A,E),C,D),D,E)) # label(define_compile).  [assumption].
12 stage1 = compile(sP,cT,e1effects,e1,e2) # label(definition_stage1).  [assumption].
13 extract(converttext(run(cT,retarget(sP,e2),e1effects,e1),e1,e2)) = stage1.  [copy(12),rewrite([11(7)]),flip(a)].
14 stage2 = compile(sA,stage1,e2effects,e2,eArun) # label(definition_stage2).  [assumption].
15 stage2 = extract(converttext(run(stage1,retarget(sA,eArun),e2effects,e2),e2,eArun)).  [copy(14),rewrite([11(7)])].
16 cA = compile(sA,cP,eAeffects,eA,eArun) # label(definition_cA).  [assumption].
17 cA = extract(converttext(run(cP,retarget(sA,eArun),eAeffects,eA),eA,eArun)).  [copy(16),rewrite([11(7)])].
18 cA != stage2 # label(always_equal) # answer(always_equal).  [deny(4)].
19 extract(converttext(run(stage1,retarget(sA,eArun),e2effects,e2),e2,eArun)) != extract(converttext(run(cP,retarget(sA,eArun),eAeffects,eA),eA,eArun)) # answer(always_equal).  [copy(18),rewrite([17(1),15(12)]),flip(a)].
20 -portable(sP,lsP) | -exactly_correspond(A,sP,lsP,B) | -exactly_correspond(C,sP,lsP,D) | converttext(run(C,E,F,D),D,V6) = converttext(run(A,E,V7,B),B,V6).  [resolve(5,a,6,a)].
21 exactly_correspond(compile(sP,cT,A,e1,e2),sP,lsP,e2).  [resolve(7,a,8,a)].
22 exactly_correspond(extract(converttext(run(cT,retarget(sP,e2),A,e1),e1,e2)),sP,lsP,e2).  [copy(21),rewrite([11(5)])].
26 exactly_correspond(stage1,sP,lsP,e2).  [para(13(a,1),22(a,1))].
30 converttext(run(stage1,A,B,e2),e2,C) = converttext(run(cP,A,D,eA),eA,C).  [hyper(20,a,10,a,b,9,a,c,26,a)].
32 extract(converttext(run(stage1,retarget(A,B),C,e2),e2,B)) = extract(converttext(run(cP,retarget(A,B),D,eA),eA,B)).  [para(30(a,1),11(a,2,1)),rewrite([11(3)])].
33 $F # answer(always_equal).  [resolve(32,a,19,a)].

============================== end of proof ==========================

============================== STATISTICS ============================

Given=12. Generated=37. Kept=19. proofs=1.
Usable=13. Sos=5. Demods=4. Limbo=0, Disabled=13. Hints=0.
Weight_deleted=0. Literals_deleted=0.
Forward_subsumed=18. Back_subsumed=0.
Sos_limit_deleted=0. Sos_displaced=0. Sos_removed=0.
New_demodulators=4 (0 lex), Back_demodulated=0. Back_unit_deleted=0.
Demod_attempts=604. Demod_rewrites=13.
Res_instance_prunes=0. Para_instance_prunes=0. Basic_paramod_prunes=0.
Nonunit_fsub_feature_tests=0. Nonunit_bsub_feature_tests=1.
Megabytes=0.07.
User_CPU=0.00, System_CPU=0.00, Wall_clock=0.

============================== end of statistics =====================

============================== end of search =========================

THEOREM PROVED

Exiting with 1 proof.

Process 2747 exit (max_proofs) Mon Oct 29 11:17:57 2007
