This is TeX, Version 3.14159 (Web2C 7.3.1) (format=jadetex 2000.7.13)  24 MAY 2001 17:35
**Secure-Programs-HOWTO.tex
(Secure-Programs-HOWTO.tex
JadeTeX 1999/06/29: 2.7
LaTeX Font Info:    Try loading font information for T1+ptm on input line 1.
(/usr/share/texmf/tex/latex/psnfss/t1ptm.fd
File: t1ptm.fd 1998/07/06 Fontinst v1.800 font definitions for T1/ptm.
)
(/usr/share/texmf/tex/jadetex/isoents.tex
File: isoents.tex 
)
Elements will be labelled
Jade begin document sequence at 19
(Secure-Programs-HOWTO.aux)
\openout1 = `Secure-Programs-HOWTO.aux'.

LaTeX Font Info:    Checking defaults for OML/cmm/m/it on input line 19.
LaTeX Font Info:    ... okay on input line 19.
LaTeX Font Info:    Checking defaults for T1/cmr/m/n on input line 19.
LaTeX Font Info:    ... okay on input line 19.
LaTeX Font Info:    Checking defaults for OT1/cmr/m/n on input line 19.
LaTeX Font Info:    ... okay on input line 19.
LaTeX Font Info:    Checking defaults for OMS/cmsy/m/n on input line 19.
LaTeX Font Info:    ... okay on input line 19.
LaTeX Font Info:    Checking defaults for OMX/cmex/m/n on input line 19.
LaTeX Font Info:    ... okay on input line 19.
LaTeX Font Info:    Checking defaults for U/cmr/m/n on input line 19.
LaTeX Font Info:    ... okay on input line 19.
LaTeX Font Info:    Checking defaults for OT2/cmr/m/n on input line 19.
LaTeX Font Info:    Try loading font information for OT2+cmr on input line 19.
 (/usr/share/texmf/tex/latex/cyrillic/ot2cmr.fd
File: ot2cmr.fd 1999/06/24 v3.2b Computer Modern Cyrillic font definitions
)
LaTeX Font Info:    ... okay on input line 19.
LaTeX Font Info:    Checking defaults for PD1/pdf/m/n on input line 19.
LaTeX Font Info:    ... okay on input line 19.
LaTeX Font Info:    Checking defaults for TS1/cmr/m/n on input line 19.
LaTeX Font Info:    Try loading font information for TS1+cmr on input line 19.

(/usr/share/texmf/tex/latex/base/ts1cmr.fd
File: ts1cmr.fd 1999/05/25 v2.5h Standard LaTeX font definitions
)
LaTeX Font Info:    ... okay on input line 19.
LaTeX Font Info:    Checking defaults for LMR/hlcm/m/n on input line 19.
LaTeX Font Info:    Try loading font information for LMR+hlcm on input line 19.


(/usr/share/texmf/tex/latex/lucidabr/lmrhlcm.fd
File: lmrhlcm.fd 1997/09/07 v4.2 Lucida New Math Arrows(SPQR/DPC)
)
LaTeX Font Info:    ... okay on input line 19.
LaTeX Font Info:    Checking defaults for LECO/omseco/m/n on input line 19.
LaTeX Font Info:    ... okay on input line 19.
LaTeX Font Info:    Checking defaults for LECX/omsecx/m/n on input line 19.
LaTeX Font Info:    ... okay on input line 19.
LaTeX Font Info:    Checking defaults for LECY/omsecy/m/n on input line 19.
LaTeX Font Info:    ... okay on input line 19.
LaTeX Font Info:    Checking defaults for LEGR/omsegr/m/n on input line 19.
LaTeX Font Info:    ... okay on input line 19.
LaTeX Font Info:    Checking defaults for LEHA/omseha/m/n on input line 19.
LaTeX Font Info:    ... okay on input line 19.
LaTeX Font Info:    Checking defaults for LEIP/omseip/m/n on input line 19.
LaTeX Font Info:    ... okay on input line 19.
LaTeX Font Info:    Checking defaults for LELA/omsela/m/n on input line 19.
LaTeX Font Info:    ... okay on input line 19.
LaTeX Font Info:    Checking defaults for LETI/omseti/m/n on input line 19.
LaTeX Font Info:    ... okay on input line 19.
Package hyperref Info: Link coloring OFF on input line 19.

(/usr/share/texmf/tex/latex/hyperref/nameref.sty
Package: nameref 2000/01/19 v2.17 Cross-referencing by name of section
\c@section@level=\count110
)
LaTeX Info: Redefining \ref on input line 19.
LaTeX Info: Redefining \pageref on input line 19.
LaTeX Font Info:    Try loading font information for T1+phv on input line 98.

(/usr/share/texmf/tex/latex/psnfss/t1phv.fd
File: t1phv.fd 1998/07/06 Fontinst v1.800 font definitions for T1/phv.
) [1.0.45]
LaTeX Font Info:    Try loading font information for TS1+ptm on input line 209.


(/usr/share/texmf/tex/latex/psnfss/ts1ptm.fd
File: ts1ptm.fd 1998/07/06 Fontinst v1.800 font definitions for TS1/ptm.
) [2.0.45] [3.0.45] [4.0.45]
[5.0.45] [6.0.45] [7.0.45] [8.0.45]
LaTeX Font Info:    Font shape `T1/phv/b/it' in size <20.736> not available
(Font)              Font shape `T1/phv/b/sl' tried instead on input line 6273.
 [9.0.45] [10.0.45]
File: program.eps Graphic file (type eps)
 <program.eps>
Overfull \hbox (27.67249pt too wide) in paragraph at lines 6706--6706
 [][] 
 []

[11.0.45] [12.0.45] [13.0.45] [14.0.45] [15.0.45] [16.0.45] [17.0.45] [18.0.45]
[19.0.45] [20.0.45] [21.0.45] [22.0.45] [23.0.45] [24.0.45] [25.0.45] [26.0.45]
[27.0.45] [28.0.45] [29.0.45] [30.0.45] [31.0.45] [32.0.45] [33.0.45] [34.0.45]
LaTeX Font Info:    Try loading font information for T1+pcr on input line 10628
.
(/usr/share/texmf/tex/latex/psnfss/t1pcr.fd
File: t1pcr.fd 1998/07/06 Fontinst v1.800 font definitions for T1/pcr.
) [35.0.45] [36.0.45] [37.0.45]
[38.0.45] [39.0.45] [40.0.45] [41.0.45] [42.0.45] [43.0.45] [44.0.45] [45.0.45]
[46.0.45] [47.0.45] [48.0.45] [49.0.45] [50.0.45] [51.0.45] [52.0.45]
Overfull \hbox (27.1197pt too wide) in paragraph at lines 13703--13703
 []\T1/pcr/m/n/10.8 ftp> ls */../*/../*/../*/../*/../*/../*/../*/../*/../*/../*
/../*/../* 
 []

[53.0.45] [54.0.45] [55.0.45] [56.0.45] [57.0.45] [58.0.45] [59.0.45] [60.0.45]
[61.0.45] [62.0.45] [63.0.45] [64.0.45] [65.0.45] [66.0.45] [67.0.45]
Overfull \hbox (2.39996pt too wide) in alignment at lines 16314--16395
 [] [] [] [] [] 
 []


Overfull \hbox (2.39996pt too wide) in alignment at lines 16395--16863
 [] [] [] [] [] 
 []


Underfull \vbox (badness 10000) detected at line 16863
 []


Overfull \vbox (3.59999pt too high) has occurred while \output is active []


[68.0.45]
Overfull \hbox (1.19998pt too wide) in alignment at lines 17006--17042
 [] [] 
 []


Overfull \hbox (1.19998pt too wide) in alignment at lines 17042--17272
 [] [] 
 []


Overfull \vbox (3.59999pt too high) has occurred while \output is active []


[69.0.45]
Underfull \vbox (badness 10000) detected at line 17272
 []

[70.0.45] [71.0.45] [72.0.45] [73.0.45] [74.0.45] [75.0.45] [76.0.45] [77.0.45]
[78.0.45] [79.0.45] [80.0.45] [81.0.45] [82.0.45] [83.0.45] [84.0.45] [85.0.45]
[86.0.45] [87.0.45] [88.0.45] [89.0.45] [90.0.45] [91.0.45] [92.0.45] [93.0.45]
[94.0.45] [95.0.45] [96.0.45] [97.0.45] [98.0.45] [99.0.45] [100.0.45] [101.0.4
5] [102.0.45] [103.0.45] [104.0.45] [105.0.45] [106.0.45] [107.0.45] [108.0.45]
[109.0.45] [110.0.45] [111.0.45] [112.0.45] [113.0.45] [114.0.45] [115.0.45]
[116.0.45] [117.0.45] [118.0.45] [119.0.45] [120.0.45] [121.0.45] [122.0.45]
[123.0.45] [124.0.45] [125.0.45] [126.0.45] [127.0.45] [128.0.45] [129.0.45]
[130.0.45] [131.0.45] [132.0.45] [133.0.45] [134.0.45] [135.0.45] [136.0.45]
[137.0.45] [138.0.45] [139.0.45] [140.0.45] [141.0.45] [142.0.45] [143.0.45]
[144.0.45] [145.0.45] [146.0.45] [147.0.45] [148.0.45] [149.0.45] [150.0.45]
[151.0.45] [152.0.45] [153.0.45] [154.0.45] [155.0.45] [156.0.45] [157.0.45]
[158.0.45] [159.0.45] [160.0.45] [161.0.45] [162.0.45] [163.0.45] [164.0.45]
[165.0.45] [166.0.45] [167.0.45] [168.0.45] [169.0.45] [170.0.45] [171.0.45]
[172.0.45] [173.0.45] [174.0.45] [175.0.45] [176.0.45] [177.0.45] [178.0.45]
[179.0.45] [180.0.45] [181.0.45] [182.0.45] [183.0.45] [184.0.45] [185.0.45]
[186.0.45] [187.0.45] [188.0.45] [189.0.45] [190.0.45] [191.0.45] [192.0.45]
[193.0.45] [194.0.45] [195.0.45] [196.0.45] [197.0.45] [198.0.45] [199.0.45]
[200.0.45] [201.0.45] [202.0.45] [203.0.45] [204.0.45] [205.0.45]
(Secure-Programs-HOWTO.aux) ) 
Here is how much of TeX's memory you used:
 5703 strings out of 44994
 48237 string characters out of 631080
 138675 words of memory out of 350001
 14480 multiletter control sequences out of 10000+25000
 43988 words of font info for 52 fonts, out of 400000 for 1000
 14 hyphenation exceptions out of 1000
 26i,11n,39p,940b,5878s stack positions out of 1500i,100n,500p,50000b,15000s

Output written on Secure-Programs-HOWTO.dvi (205 pages, 1021320 bytes).
